This is pdfTeX, Version 3.14159265-2.6-1.40.17 (MiKTeX 2.9.6100) (preloaded format=pdflatex 2018.6.27)  10 MAY 2019 00:21
entering extended mode
**./Duayenler_Final.tex
(Duayenler_Final.tex
LaTeX2e <2016/03/31> patch level 3
Babel <3.9r> and hyphenation patterns for 75 language(s) loaded.
("C:\Program Files (x86)\MiKTeX 2.9\tex\latex\base\article.cls"
Document Class: article 2014/09/29 v1.4h Standard LaTeX document class
("C:\Program Files (x86)\MiKTeX 2.9\tex\latex\base\size12.clo"
File: size12.clo 2014/09/29 v1.4h Standard LaTeX file (size option)
)
\c@part=\count79
\c@section=\count80
\c@subsection=\count81
\c@subsubsection=\count82
\c@paragraph=\count83
\c@subparagraph=\count84
\c@figure=\count85
\c@table=\count86
\abovecaptionskip=\skip41
\belowcaptionskip=\skip42
\bibindent=\dimen102
)
("C:\Program Files (x86)\MiKTeX 2.9\tex\latex\geometry\geometry.sty"
Package: geometry 2010/09/12 v5.6 Page Geometry

("C:\Program Files (x86)\MiKTeX 2.9\tex\latex\graphics\keyval.sty"
Package: keyval 2014/10/28 v1.15 key=value parser (DPC)
\KV@toks@=\toks14
)
("C:\Program Files (x86)\MiKTeX 2.9\tex\generic\oberdiek\ifpdf.sty"
Package: ifpdf 2016/05/14 v3.1 Provides the ifpdf switch
)
("C:\Program Files (x86)\MiKTeX 2.9\tex\generic\oberdiek\ifvtex.sty"
Package: ifvtex 2016/05/16 v1.6 Detect VTeX and its facilities (HO)
Package ifvtex Info: VTeX not detected.
)
("C:\Program Files (x86)\MiKTeX 2.9\tex\generic\ifxetex\ifxetex.sty"
Package: ifxetex 2010/09/12 v0.6 Provides ifxetex conditional
)
\Gm@cnth=\count87
\Gm@cntv=\count88
\c@Gm@tempcnt=\count89
\Gm@bindingoffset=\dimen103
\Gm@wd@mp=\dimen104
\Gm@odd@mp=\dimen105
\Gm@even@mp=\dimen106
\Gm@layoutwidth=\dimen107
\Gm@layoutheight=\dimen108
\Gm@layouthoffset=\dimen109
\Gm@layoutvoffset=\dimen110
\Gm@dimlist=\toks15

("C:\Program Files (x86)\MiKTeX 2.9\tex\latex\geometry\geometry.cfg"))
("C:\Program Files (x86)\MiKTeX 2.9\tex\generic\babel\babel.sty"
Package: babel 2016/04/23 3.9r The Babel package

*************************************
* Local config file bblopts.cfg used
*
("C:\Program Files (x86)\MiKTeX 2.9\tex\latex\arabi\bblopts.cfg"
File: bblopts.cfg 2005/09/08 v0.1 add Arabic and Farsi to "declared" options of
 babel
)
("C:\Program Files (x86)\MiKTeX 2.9\tex\latex\babel-english\english.ldf"
Language: english 2012/08/20 v3.3p English support from the babel system

("C:\Program Files (x86)\MiKTeX 2.9\tex\generic\babel\babel.def"
File: babel.def 2016/04/23 3.9r Babel common definitions
\babel@savecnt=\count90
\U@D=\dimen111
)
\l@canadian = a dialect from \language\l@american 
\l@australian = a dialect from \language\l@british 
\l@newzealand = a dialect from \language\l@british 
))
("C:\Program Files (x86)\MiKTeX 2.9\tex\latex\base\inputenc.sty"
Package: inputenc 2015/03/17 v1.2c Input encoding file
\inpenc@prehook=\toks16
\inpenc@posthook=\toks17

("C:\Program Files (x86)\MiKTeX 2.9\tex\latex\ucs\utf8x.def"
File: utf8x.def 2004/10/17 UCS: Input encoding UTF-8
))
("C:\Program Files (x86)\MiKTeX 2.9\tex\latex\ucs\ucs.sty"
Package: ucs 2013/05/11 v2.2 UCS: Unicode input support

("C:\Program Files (x86)\MiKTeX 2.9\tex\latex\ucs\uni-global.def"
File: uni-global.def 2013/05/13 UCS: Unicode global data
)
\uc@secondtry=\count91
\uc@combtoks=\toks18
\uc@combtoksb=\toks19
\uc@temptokena=\toks20
)
("C:\Program Files (x86)\MiKTeX 2.9\tex\latex\amsmath\amsmath.sty"
Package: amsmath 2016/06/28 v2.15d AMS math features
\@mathmargin=\skip43

For additional information on amsmath, use the `?' option.
("C:\Program Files (x86)\MiKTeX 2.9\tex\latex\amsmath\amstext.sty"
Package: amstext 2000/06/29 v2.01 AMS text

("C:\Program Files (x86)\MiKTeX 2.9\tex\latex\amsmath\amsgen.sty"
File: amsgen.sty 1999/11/30 v2.0 generic functions
\@emptytoks=\toks21
\ex@=\dimen112
))
("C:\Program Files (x86)\MiKTeX 2.9\tex\latex\amsmath\amsbsy.sty"
Package: amsbsy 1999/11/29 v1.2d Bold Symbols
\pmbraise@=\dimen113
)
("C:\Program Files (x86)\MiKTeX 2.9\tex\latex\amsmath\amsopn.sty"
Package: amsopn 2016/03/08 v2.02 operator names
)
\inf@bad=\count92
LaTeX Info: Redefining \frac on input line 199.
\uproot@=\count93
\leftroot@=\count94
LaTeX Info: Redefining \overline on input line 297.
\classnum@=\count95
\DOTSCASE@=\count96
LaTeX Info: Redefining \ldots on input line 394.
LaTeX Info: Redefining \dots on input line 397.
LaTeX Info: Redefining \cdots on input line 518.
\Mathstrutbox@=\box26
\strutbox@=\box27
\big@size=\dimen114
LaTeX Font Info:    Redeclaring font encoding OML on input line 634.
LaTeX Font Info:    Redeclaring font encoding OMS on input line 635.
\macc@depth=\count97
\c@MaxMatrixCols=\count98
\dotsspace@=\muskip10
\c@parentequation=\count99
\dspbrk@lvl=\count100
\tag@help=\toks22
\row@=\count101
\column@=\count102
\maxfields@=\count103
\andhelp@=\toks23
\eqnshift@=\dimen115
\alignsep@=\dimen116
\tagshift@=\dimen117
\tagwidth@=\dimen118
\totwidth@=\dimen119
\lineht@=\dimen120
\@envbody=\toks24
\multlinegap=\skip44
\multlinetaggap=\skip45
\mathdisplay@stack=\toks25
LaTeX Info: Redefining \[ on input line 2739.
LaTeX Info: Redefining \] on input line 2740.
)
("C:\Program Files (x86)\MiKTeX 2.9\tex\latex\graphics\graphicx.sty"
Package: graphicx 2014/10/28 v1.0g Enhanced LaTeX Graphics (DPC,SPQR)

("C:\Program Files (x86)\MiKTeX 2.9\tex\latex\graphics\graphics.sty"
Package: graphics 2016/07/10 v1.0t Standard LaTeX Graphics (DPC,SPQR)

("C:\Program Files (x86)\MiKTeX 2.9\tex\latex\graphics\trig.sty"
Package: trig 2016/01/03 v1.10 sin cos tan (DPC)
)
("C:\Program Files (x86)\MiKTeX 2.9\tex\latex\graphics-cfg\graphics.cfg"
File: graphics.cfg 2016/06/04 v1.11 sample graphics configuration
)
Package graphics Info: Driver file: pdftex.def on input line 99.

("C:\Program Files (x86)\MiKTeX 2.9\tex\latex\graphics-def\pdftex.def"
File: pdftex.def 2016/07/10 v0.06j Graphics/color for pdfTeX

("C:\Program Files (x86)\MiKTeX 2.9\tex\generic\oberdiek\infwarerr.sty"
Package: infwarerr 2016/05/16 v1.4 Providing info/warning/error messages (HO)
)
("C:\Program Files (x86)\MiKTeX 2.9\tex\generic\oberdiek\ltxcmds.sty"
Package: ltxcmds 2016/05/16 v1.23 LaTeX kernel commands for general use (HO)
)
\Gread@gobject=\count104
))
\Gin@req@height=\dimen121
\Gin@req@width=\dimen122
)
("C:\Program Files (x86)\MiKTeX 2.9\tex\latex\todonotes\todonotes.sty"
Package: todonotes 2015/07/09 .dtx Todonotes source and documentation.
Package: todonotes 2012/07/25

("C:\Program Files (x86)\MiKTeX 2.9\tex\latex\base\ifthen.sty"
Package: ifthen 2014/09/29 v1.1c Standard LaTeX ifthen package (DPC)
)
("C:\Program Files (x86)\MiKTeX 2.9\tex\latex\xkeyval\xkeyval.sty"
Package: xkeyval 2014/12/03 v2.7a package option processing (HA)

("C:\Program Files (x86)\MiKTeX 2.9\tex\generic\xkeyval\xkeyval.tex"
("C:\Program Files (x86)\MiKTeX 2.9\tex\generic\xkeyval\xkvutils.tex"
\XKV@toks=\toks26
\XKV@tempa@toks=\toks27
)
\XKV@depth=\count105
File: xkeyval.tex 2014/12/03 v2.7a key=value parser (HA)
))
("C:\Program Files (x86)\MiKTeX 2.9\tex\latex\xcolor\xcolor.sty"
Package: xcolor 2016/05/11 v2.12 LaTeX color extensions (UK)

("C:\Program Files (x86)\MiKTeX 2.9\tex\latex\graphics-cfg\color.cfg"
File: color.cfg 2016/01/02 v1.6 sample color configuration
)
Package xcolor Info: Driver file: pdftex.def on input line 225.
Package xcolor Info: Model `cmy' substituted by `cmy0' on input line 1348.
Package xcolor Info: Model `hsb' substituted by `rgb' on input line 1352.
Package xcolor Info: Model `RGB' extended on input line 1364.
Package xcolor Info: Model `HTML' substituted by `rgb' on input line 1366.
Package xcolor Info: Model `Hsb' substituted by `hsb' on input line 1367.
Package xcolor Info: Model `tHsb' substituted by `hsb' on input line 1368.
Package xcolor Info: Model `HSB' substituted by `hsb' on input line 1369.
Package xcolor Info: Model `Gray' substituted by `gray' on input line 1370.
Package xcolor Info: Model `wave' substituted by `hsb' on input line 1371.
)
("C:\Program Files (x86)\MiKTeX 2.9\tex\latex\pgf\frontendlayer\tikz.sty"
("C:\Program Files (x86)\MiKTeX 2.9\tex\latex\pgf\basiclayer\pgf.sty"
("C:\Program Files (x86)\MiKTeX 2.9\tex\latex\pgf\utilities\pgfrcs.sty"
("C:\Program Files (x86)\MiKTeX 2.9\tex\generic\pgf\utilities\pgfutil-common.te
x"
\pgfutil@everybye=\toks28
\pgfutil@tempdima=\dimen123
\pgfutil@tempdimb=\dimen124

("C:\Program Files (x86)\MiKTeX 2.9\tex\generic\pgf\utilities\pgfutil-common-li
sts.tex"))
("C:\Program Files (x86)\MiKTeX 2.9\tex\generic\pgf\utilities\pgfutil-latex.def
"
\pgfutil@abb=\box28
 ("C:\Program Files (x86)\MiKTeX 2.9\tex\latex\ms\everyshi.sty"
Package: everyshi 2001/05/15 v3.00 EveryShipout Package (MS)
))
("C:\Program Files (x86)\MiKTeX 2.9\tex\generic\pgf\utilities\pgfrcs.code.tex"
Package: pgfrcs 2015/08/07 v3.0.1a (rcs-revision 1.31)
))
Package: pgf 2015/08/07 v3.0.1a (rcs-revision 1.15)
 ("C:\Program Files (x86)\MiKTeX 2.9\tex\latex\pgf\basiclayer\pgfcore.sty"
("C:\Program Files (x86)\MiKTeX 2.9\tex\latex\pgf\systemlayer\pgfsys.sty"
("C:\Program Files (x86)\MiKTeX 2.9\tex\generic\pgf\systemlayer\pgfsys.code.tex
"
Package: pgfsys 2014/07/09 v3.0.1a (rcs-revision 1.48)
 ("C:\Program Files (x86)\MiKTeX 2.9\tex\generic\pgf\utilities\pgfkeys.code.tex
"
\pgfkeys@pathtoks=\toks29
\pgfkeys@temptoks=\toks30

("C:\Program Files (x86)\MiKTeX 2.9\tex\generic\pgf\utilities\pgfkeysfiltered.c
ode.tex"
\pgfkeys@tmptoks=\toks31
))
\pgf@x=\dimen125
\pgf@y=\dimen126
\pgf@xa=\dimen127
\pgf@ya=\dimen128
\pgf@xb=\dimen129
\pgf@yb=\dimen130
\pgf@xc=\dimen131
\pgf@yc=\dimen132
\w@pgf@writea=\write3
\r@pgf@reada=\read1
\c@pgf@counta=\count106
\c@pgf@countb=\count107
\c@pgf@countc=\count108
\c@pgf@countd=\count109
\t@pgf@toka=\toks32
\t@pgf@tokb=\toks33
\t@pgf@tokc=\toks34

("C:\Program Files (x86)\MiKTeX 2.9\tex\generic\pgf\systemlayer\pgf.cfg"
File: pgf.cfg 2008/05/14  (rcs-revision 1.7)
)
Driver file for pgf: pgfsys-pdftex.def

("C:\Program Files (x86)\MiKTeX 2.9\tex\generic\pgf\systemlayer\pgfsys-pdftex.d
ef"
File: pgfsys-pdftex.def 2014/10/11  (rcs-revision 1.35)

("C:\Program Files (x86)\MiKTeX 2.9\tex\generic\pgf\systemlayer\pgfsys-common-p
df.def"
File: pgfsys-common-pdf.def 2013/10/10  (rcs-revision 1.13)
)))
("C:\Program Files (x86)\MiKTeX 2.9\tex\generic\pgf\systemlayer\pgfsyssoftpath.
code.tex"
File: pgfsyssoftpath.code.tex 2013/09/09  (rcs-revision 1.9)
\pgfsyssoftpath@smallbuffer@items=\count110
\pgfsyssoftpath@bigbuffer@items=\count111
)
("C:\Program Files (x86)\MiKTeX 2.9\tex\generic\pgf\systemlayer\pgfsysprotocol.
code.tex"
File: pgfsysprotocol.code.tex 2006/10/16  (rcs-revision 1.4)
))
("C:\Program Files (x86)\MiKTeX 2.9\tex\generic\pgf\basiclayer\pgfcore.code.tex
"
Package: pgfcore 2010/04/11 v3.0.1a (rcs-revision 1.7)
 ("C:\Program Files (x86)\MiKTeX 2.9\tex\generic\pgf\math\pgfmath.code.tex"
("C:\Program Files (x86)\MiKTeX 2.9\tex\generic\pgf\math\pgfmathcalc.code.tex"
("C:\Program Files (x86)\MiKTeX 2.9\tex\generic\pgf\math\pgfmathutil.code.tex")
("C:\Program Files (x86)\MiKTeX 2.9\tex\generic\pgf\math\pgfmathparser.code.tex
"
\pgfmath@dimen=\dimen133
\pgfmath@count=\count112
\pgfmath@box=\box29
\pgfmath@toks=\toks35
\pgfmath@stack@operand=\toks36
\pgfmath@stack@operation=\toks37
)
("C:\Program Files (x86)\MiKTeX 2.9\tex\generic\pgf\math\pgfmathfunctions.code.
tex"
("C:\Program Files (x86)\MiKTeX 2.9\tex\generic\pgf\math\pgfmathfunctions.basic
.code.tex")
("C:\Program Files (x86)\MiKTeX 2.9\tex\generic\pgf\math\pgfmathfunctions.trigo
nometric.code.tex")
("C:\Program Files (x86)\MiKTeX 2.9\tex\generic\pgf\math\pgfmathfunctions.rando
m.code.tex")
("C:\Program Files (x86)\MiKTeX 2.9\tex\generic\pgf\math\pgfmathfunctions.compa
rison.code.tex")
("C:\Program Files (x86)\MiKTeX 2.9\tex\generic\pgf\math\pgfmathfunctions.base.
code.tex")
("C:\Program Files (x86)\MiKTeX 2.9\tex\generic\pgf\math\pgfmathfunctions.round
.code.tex")
("C:\Program Files (x86)\MiKTeX 2.9\tex\generic\pgf\math\pgfmathfunctions.misc.
code.tex")
("C:\Program Files (x86)\MiKTeX 2.9\tex\generic\pgf\math\pgfmathfunctions.integ
erarithmetics.code.tex")))
("C:\Program Files (x86)\MiKTeX 2.9\tex\generic\pgf\math\pgfmathfloat.code.tex"
\c@pgfmathroundto@lastzeros=\count113
))
("C:\Program Files (x86)\MiKTeX 2.9\tex\generic\pgf\basiclayer\pgfcorepoints.co
de.tex"
File: pgfcorepoints.code.tex 2013/10/07  (rcs-revision 1.27)
\pgf@picminx=\dimen134
\pgf@picmaxx=\dimen135
\pgf@picminy=\dimen136
\pgf@picmaxy=\dimen137
\pgf@pathminx=\dimen138
\pgf@pathmaxx=\dimen139
\pgf@pathminy=\dimen140
\pgf@pathmaxy=\dimen141
\pgf@xx=\dimen142
\pgf@xy=\dimen143
\pgf@yx=\dimen144
\pgf@yy=\dimen145
\pgf@zx=\dimen146
\pgf@zy=\dimen147
)
("C:\Program Files (x86)\MiKTeX 2.9\tex\generic\pgf\basiclayer\pgfcorepathconst
ruct.code.tex"
File: pgfcorepathconstruct.code.tex 2013/10/07  (rcs-revision 1.29)
\pgf@path@lastx=\dimen148
\pgf@path@lasty=\dimen149
)
("C:\Program Files (x86)\MiKTeX 2.9\tex\generic\pgf\basiclayer\pgfcorepathusage
.code.tex"
File: pgfcorepathusage.code.tex 2014/11/02  (rcs-revision 1.24)
\pgf@shorten@end@additional=\dimen150
\pgf@shorten@start@additional=\dimen151
)
("C:\Program Files (x86)\MiKTeX 2.9\tex\generic\pgf\basiclayer\pgfcorescopes.co
de.tex"
File: pgfcorescopes.code.tex 2015/05/08  (rcs-revision 1.46)
\pgfpic=\box30
\pgf@hbox=\box31
\pgf@layerbox@main=\box32
\pgf@picture@serial@count=\count114
)
("C:\Program Files (x86)\MiKTeX 2.9\tex\generic\pgf\basiclayer\pgfcoregraphicst
ate.code.tex"
File: pgfcoregraphicstate.code.tex 2014/11/02  (rcs-revision 1.12)
\pgflinewidth=\dimen152
)
("C:\Program Files (x86)\MiKTeX 2.9\tex\generic\pgf\basiclayer\pgfcoretransform
ations.code.tex"
File: pgfcoretransformations.code.tex 2015/08/07  (rcs-revision 1.20)
\pgf@pt@x=\dimen153
\pgf@pt@y=\dimen154
\pgf@pt@temp=\dimen155
)
("C:\Program Files (x86)\MiKTeX 2.9\tex\generic\pgf\basiclayer\pgfcorequick.cod
e.tex"
File: pgfcorequick.code.tex 2008/10/09  (rcs-revision 1.3)
)
("C:\Program Files (x86)\MiKTeX 2.9\tex\generic\pgf\basiclayer\pgfcoreobjects.c
ode.tex"
File: pgfcoreobjects.code.tex 2006/10/11  (rcs-revision 1.2)
)
("C:\Program Files (x86)\MiKTeX 2.9\tex\generic\pgf\basiclayer\pgfcorepathproce
ssing.code.tex"
File: pgfcorepathprocessing.code.tex 2013/09/09  (rcs-revision 1.9)
)
("C:\Program Files (x86)\MiKTeX 2.9\tex\generic\pgf\basiclayer\pgfcorearrows.co
de.tex"
File: pgfcorearrows.code.tex 2015/05/14  (rcs-revision 1.43)
\pgfarrowsep=\dimen156
)
("C:\Program Files (x86)\MiKTeX 2.9\tex\generic\pgf\basiclayer\pgfcoreshade.cod
e.tex"
File: pgfcoreshade.code.tex 2013/07/15  (rcs-revision 1.15)
\pgf@max=\dimen157
\pgf@sys@shading@range@num=\count115
)
("C:\Program Files (x86)\MiKTeX 2.9\tex\generic\pgf\basiclayer\pgfcoreimage.cod
e.tex"
File: pgfcoreimage.code.tex 2013/07/15  (rcs-revision 1.18)

("C:\Program Files (x86)\MiKTeX 2.9\tex\generic\pgf\basiclayer\pgfcoreexternal.
code.tex"
File: pgfcoreexternal.code.tex 2014/07/09  (rcs-revision 1.21)
\pgfexternal@startupbox=\box33
))
("C:\Program Files (x86)\MiKTeX 2.9\tex\generic\pgf\basiclayer\pgfcorelayers.co
de.tex"
File: pgfcorelayers.code.tex 2013/07/18  (rcs-revision 1.7)
)
("C:\Program Files (x86)\MiKTeX 2.9\tex\generic\pgf\basiclayer\pgfcoretranspare
ncy.code.tex"
File: pgfcoretransparency.code.tex 2013/09/30  (rcs-revision 1.5)
)
("C:\Program Files (x86)\MiKTeX 2.9\tex\generic\pgf\basiclayer\pgfcorepatterns.
code.tex"
File: pgfcorepatterns.code.tex 2013/11/07  (rcs-revision 1.5)
)))
("C:\Program Files (x86)\MiKTeX 2.9\tex\generic\pgf\modules\pgfmoduleshapes.cod
e.tex"
File: pgfmoduleshapes.code.tex 2014/03/21  (rcs-revision 1.35)
\pgfnodeparttextbox=\box34
)
("C:\Program Files (x86)\MiKTeX 2.9\tex\generic\pgf\modules\pgfmoduleplot.code.
tex"
File: pgfmoduleplot.code.tex 2015/08/03  (rcs-revision 1.13)
)
("C:\Program Files (x86)\MiKTeX 2.9\tex\latex\pgf\compatibility\pgfcomp-version
-0-65.sty"
Package: pgfcomp-version-0-65 2007/07/03 v3.0.1a (rcs-revision 1.7)
\pgf@nodesepstart=\dimen158
\pgf@nodesepend=\dimen159
)
("C:\Program Files (x86)\MiKTeX 2.9\tex\latex\pgf\compatibility\pgfcomp-version
-1-18.sty"
Package: pgfcomp-version-1-18 2007/07/23 v3.0.1a (rcs-revision 1.1)
))
("C:\Program Files (x86)\MiKTeX 2.9\tex\latex\pgf\utilities\pgffor.sty"
("C:\Program Files (x86)\MiKTeX 2.9\tex\latex\pgf\utilities\pgfkeys.sty"
("C:\Program Files (x86)\MiKTeX 2.9\tex\generic\pgf\utilities\pgfkeys.code.tex"
)) ("C:\Program Files (x86)\MiKTeX 2.9\tex\latex\pgf\math\pgfmath.sty"
("C:\Program Files (x86)\MiKTeX 2.9\tex\generic\pgf\math\pgfmath.code.tex"))
("C:\Program Files (x86)\MiKTeX 2.9\tex\generic\pgf\utilities\pgffor.code.tex"
Package: pgffor 2013/12/13 v3.0.1a (rcs-revision 1.25)

("C:\Program Files (x86)\MiKTeX 2.9\tex\generic\pgf\math\pgfmath.code.tex")
\pgffor@iter=\dimen160
\pgffor@skip=\dimen161
\pgffor@stack=\toks38
\pgffor@toks=\toks39
))
("C:\Program Files (x86)\MiKTeX 2.9\tex\generic\pgf\frontendlayer\tikz\tikz.cod
e.tex"
Package: tikz 2015/08/07 v3.0.1a (rcs-revision 1.151)

("C:\Program Files (x86)\MiKTeX 2.9\tex\generic\pgf\libraries\pgflibraryplothan
dlers.code.tex"
File: pgflibraryplothandlers.code.tex 2013/08/31 v3.0.1a (rcs-revision 1.20)
\pgf@plot@mark@count=\count116
\pgfplotmarksize=\dimen162
)
\tikz@lastx=\dimen163
\tikz@lasty=\dimen164
\tikz@lastxsaved=\dimen165
\tikz@lastysaved=\dimen166
\tikzleveldistance=\dimen167
\tikzsiblingdistance=\dimen168
\tikz@figbox=\box35
\tikz@figbox@bg=\box36
\tikz@tempbox=\box37
\tikz@tempbox@bg=\box38
\tikztreelevel=\count117
\tikznumberofchildren=\count118
\tikznumberofcurrentchild=\count119
\tikz@fig@count=\count120

("C:\Program Files (x86)\MiKTeX 2.9\tex\generic\pgf\modules\pgfmodulematrix.cod
e.tex"
File: pgfmodulematrix.code.tex 2013/09/17  (rcs-revision 1.8)
\pgfmatrixcurrentrow=\count121
\pgfmatrixcurrentcolumn=\count122
\pgf@matrix@numberofcolumns=\count123
)
\tikz@expandcount=\count124

("C:\Program Files (x86)\MiKTeX 2.9\tex\generic\pgf\frontendlayer\tikz\librarie
s\tikzlibrarytopaths.code.tex"
File: tikzlibrarytopaths.code.tex 2008/06/17 v3.0.1a (rcs-revision 1.2)
)))
("C:\Program Files (x86)\MiKTeX 2.9\tex\generic\pgf\frontendlayer\tikz\librarie
s\tikzlibrarypositioning.code.tex"
File: tikzlibrarypositioning.code.tex 2008/10/06 v3.0.1a (rcs-revision 1.7)
)
("C:\Program Files (x86)\MiKTeX 2.9\tex\latex\tools\calc.sty"
Package: calc 2014/10/28 v4.3 Infix arithmetic (KKT,FJ)
\calc@Acount=\count125
\calc@Bcount=\count126
\calc@Adimen=\dimen169
\calc@Bdimen=\dimen170
\calc@Askip=\skip46
\calc@Bskip=\skip47
LaTeX Info: Redefining \setlength on input line 80.
LaTeX Info: Redefining \addtolength on input line 81.
\calc@Ccount=\count127
\calc@Cskip=\skip48
)
\c@@todonotes@numberoftodonotes=\count128
)
("C:\Program Files (x86)\MiKTeX 2.9\tex\latex\was\gensymb.sty"
Package: gensymb 2003/07/02 v1.0 (WaS)
)
("C:\Program Files (x86)\MiKTeX 2.9\tex\latex\float\float.sty"
Package: float 2001/11/08 v1.3d Float enhancements (AL)
\c@float@type=\count129
\float@exts=\toks40
\float@box=\box39
\@float@everytoks=\toks41
\@floatcapt=\box40
)
("C:\Program Files (x86)\MiKTeX 2.9\tex\latex\fancyref\fancyref.sty"
Package: fancyref 1999/02/03 v0.9c Fancy cross-referencing

("C:\Program Files (x86)\MiKTeX 2.9\tex\latex\tools\varioref.sty"
Package: varioref 2016/02/16 v1.5c package for extended references (FMi)
\c@vrcnt=\count130
))
("C:\Program Files (x86)\MiKTeX 2.9\tex\latex\caption\subcaption.sty"
Package: subcaption 2018/05/01 v1.1-162 Sub-captions (AR)

("C:\Program Files (x86)\MiKTeX 2.9\tex\latex\caption\caption.sty"
Package: caption 2018/05/01 v3.3-147 Customizing captions (AR)

("C:\Program Files (x86)\MiKTeX 2.9\tex\latex\caption\caption3.sty"
Package: caption3 2018/05/27 v1.8a caption3 kernel (AR)
Package caption3 Info: TeX engine: e-TeX on input line 64.
\captionmargin=\dimen171
\captionmargin@=\dimen172
\captionwidth=\dimen173
\caption@tempdima=\dimen174
\caption@indent=\dimen175
\caption@parindent=\dimen176
\caption@hangindent=\dimen177
)
\c@ContinuedFloat=\count131
Package caption Info: float package is loaded.
)
\c@subfigure=\count132
\c@subtable=\count133
)
("C:\Program Files (x86)\MiKTeX 2.9\tex\latex\appendix\appendix.sty"
Package: appendix 2009/09/02 v1.2b extra appendix facilities
\c@@pps=\count134
\c@@ppsavesec=\count135
\c@@ppsaveapp=\count136
)
("C:\Program Files (x86)\MiKTeX 2.9\tex\latex\listings\listings.sty"
\lst@mode=\count137
\lst@gtempboxa=\box41
\lst@token=\toks42
\lst@length=\count138
\lst@currlwidth=\dimen178
\lst@column=\count139
\lst@pos=\count140
\lst@lostspace=\dimen179
\lst@width=\dimen180
\lst@newlines=\count141
\lst@lineno=\count142
\lst@maxwidth=\dimen181

("C:\Program Files (x86)\MiKTeX 2.9\tex\latex\listings\lstmisc.sty"
File: lstmisc.sty 2015/06/04 1.6 (Carsten Heinz)
\c@lstnumber=\count143
\lst@skipnumbers=\count144
\lst@framebox=\box42
)
("C:\Program Files (x86)\MiKTeX 2.9\tex\latex\listings\listings.cfg"
File: listings.cfg 2015/06/04 1.6 listings configuration
))
Package: listings 2015/06/04 1.6 (Carsten Heinz)

("C:\Program Files (x86)\MiKTeX 2.9\tex\latex\tools\xspace.sty"
Package: xspace 2014/10/28 v1.13 Space after command names (DPC,MH)
)
("C:\Program Files (x86)\MiKTeX 2.9\tex\latex\amsfonts\amssymb.sty"
Package: amssymb 2013/01/14 v3.01 AMS font symbols

("C:\Program Files (x86)\MiKTeX 2.9\tex\latex\amsfonts\amsfonts.sty"
Package: amsfonts 2013/01/14 v3.01 Basic AMSFonts support
\symAMSa=\mathgroup4
\symAMSb=\mathgroup5
LaTeX Font Info:    Overwriting math alphabet `\mathfrak' in version `bold'
(Font)                  U/euf/m/n --> U/euf/b/n on input line 106.
))
("C:\Program Files (x86)\MiKTeX 2.9\tex\latex\units\nicefrac.sty"
Package: nicefrac 1998/08/04 v0.9b Nice fractions
\L@UnitsRaiseDisplaystyle=\skip49
\L@UnitsRaiseTextstyle=\skip50
\L@UnitsRaiseScriptstyle=\skip51
)
("C:\Program Files (x86)\MiKTeX 2.9\tex\latex\fancyhdr\fancyhdr.sty"
Package: fancyhdr 2017/06/30 v3.9a Extensive control of page headers and footer
s
\f@nch@headwidth=\skip52
\f@nch@O@elh=\skip53
\f@nch@O@erh=\skip54
\f@nch@O@olh=\skip55
\f@nch@O@orh=\skip56
\f@nch@O@elf=\skip57
\f@nch@O@erf=\skip58
\f@nch@O@olf=\skip59
\f@nch@O@orf=\skip60
)
("C:\Program Files (x86)\MiKTeX 2.9\tex\latex\lipsum\lipsum.sty"
Package: lipsum 2014/07/27 v1.3 150 paragraphs of Lorem Ipsum dummy text
\c@lips@count=\count145
)
("C:\Program Files (x86)\MiKTeX 2.9\tex\latex\pdfpages\pdfpages.sty"
Package: pdfpages 2017/10/31 v0.5l Insert pages of external PDF documents (AM)

("C:\Program Files (x86)\MiKTeX 2.9\tex\latex\eso-pic\eso-pic.sty"
Package: eso-pic 2018/04/12 v2.0h eso-pic (RN)

("C:\Program Files (x86)\MiKTeX 2.9\tex\generic\oberdiek\atbegshi.sty"
Package: atbegshi 2016/06/09 v1.18 At begin shipout hook (HO)
))
\AM@pagewidth=\dimen182
\AM@pageheight=\dimen183

("C:\Program Files (x86)\MiKTeX 2.9\tex\latex\pdfpages\pppdftex.def"
File: pppdftex.def 2017/10/31 v0.5l Pdfpages driver for pdfTeX (AM)
)
\AM@pagebox=\box43
\AM@global@opts=\toks43
\AM@toc@title=\toks44
\c@AM@survey=\count146
\AM@templatesizebox=\box44
)
("C:\Program Files (x86)\MiKTeX 2.9\tex\latex\enumitem\enumitem.sty"
Package: enumitem 2011/09/28 v3.5.2 Customized lists
\labelindent=\skip61
\enit@outerparindent=\dimen184
\enit@toks=\toks45
\enit@inbox=\box45
\enitdp@description=\count147
)
("C:\Program Files (x86)\MiKTeX 2.9\tex\latex\pgfplots\pgfplots.sty"
("C:\Program Files (x86)\MiKTeX 2.9\tex\generic\pgfplots\pgfplots.revision.tex"
)
Package: pgfplots 2018/03/28 v1.16 Data Visualization (1.16)
 ("C:\Program Files (x86)\MiKTeX 2.9\tex\generic\pgfplots\pgfplots.code.tex"
("C:\Program Files (x86)\MiKTeX 2.9\tex\generic\pgfplots\pgfplotscore.code.tex"
\t@pgfplots@toka=\toks46
\t@pgfplots@tokb=\toks47
\t@pgfplots@tokc=\toks48
\pgfplots@tmpa=\dimen185
\c@pgfplots@coordindex=\count148
\c@pgfplots@scanlineindex=\count149

("C:\Program Files (x86)\MiKTeX 2.9\tex\generic\pgfplots\sys\pgfplotssysgeneric
.code.tex"))
("C:\Program Files (x86)\MiKTeX 2.9\tex\generic\pgfplots\libs\pgfplotslibrary.c
ode.tex")
("C:\Program Files (x86)\MiKTeX 2.9\tex\generic\pgfplots\oldpgfcompatib\pgfplot
soldpgfsupp_loader.code.tex"
("C:\Program Files (x86)\MiKTeX 2.9\tex\generic\pgf\libraries\pgflibraryfpu.cod
e.tex")
Package pgfplots: loading complementary arithmetics for your pgf version...

("C:\Program Files (x86)\MiKTeX 2.9\tex\generic\pgfplots\oldpgfcompatib\pgfplot
soldpgfsupp_pgflibraryfpu.code.tex")
("C:\Program Files (x86)\MiKTeX 2.9\tex\generic\pgfplots\oldpgfcompatib\pgfplot
soldpgfsupp_pgfmathfloat.code.tex"
\c@pgfmathroundto@lastzeros=\count150
)
("C:\Program Files (x86)\MiKTeX 2.9\tex\generic\pgfplots\oldpgfcompatib\pgfplot
soldpgfsupp_leq.code.tex"))
("C:\Program Files (x86)\MiKTeX 2.9\tex\generic\pgfplots\util\pgfplotsutil.code
.tex"
("C:\Program Files (x86)\MiKTeX 2.9\tex\generic\pgfplots\liststructure\pgfplots
liststructure.code.tex")
("C:\Program Files (x86)\MiKTeX 2.9\tex\generic\pgfplots\liststructure\pgfplots
liststructureext.code.tex")
("C:\Program Files (x86)\MiKTeX 2.9\tex\generic\pgfplots\liststructure\pgfplots
array.code.tex"
\c@pgfplotsarray@tmp=\count151
)
("C:\Program Files (x86)\MiKTeX 2.9\tex\generic\pgfplots\liststructure\pgfplots
matrix.code.tex")
("C:\Program Files (x86)\MiKTeX 2.9\tex\generic\pgfplots\numtable\pgfplotstable
shared.code.tex"
\c@pgfplotstable@counta=\count152
\t@pgfplotstable@a=\toks49
)
("C:\Program Files (x86)\MiKTeX 2.9\tex\generic\pgfplots\liststructure\pgfplots
deque.code.tex")
("C:\Program Files (x86)\MiKTeX 2.9\tex\generic\pgfplots\util\pgfplotsbinary.co
de.tex"
("C:\Program Files (x86)\MiKTeX 2.9\tex\generic\pgfplots\util\pgfplotsbinary.da
ta.code.tex"))
("C:\Program Files (x86)\MiKTeX 2.9\tex\generic\pgfplots\util\pgfplotsutil.verb
.code.tex")
("C:\Program Files (x86)\MiKTeX 2.9\tex\generic\pgfplots\libs\pgflibrarypgfplot
s.surfshading.code.tex"
\c@pgfplotslibrarysurf@no=\count153

("C:\Program Files (x86)\MiKTeX 2.9\tex\generic\pgfplots\sys\pgflibrarypgfplots
.surfshading.pgfsys-pdftex.def")))
("C:\Program Files (x86)\MiKTeX 2.9\tex\generic\pgfplots\util\pgfplotscolormap.
code.tex"
("C:\Program Files (x86)\MiKTeX 2.9\tex\generic\pgfplots\util\pgfplotscolor.cod
e.tex"))
("C:\Program Files (x86)\MiKTeX 2.9\tex\generic\pgfplots\pgfplotsstackedplots.c
ode.tex")
("C:\Program Files (x86)\MiKTeX 2.9\tex\generic\pgfplots\pgfplotsplothandlers.c
ode.tex"
("C:\Program Files (x86)\MiKTeX 2.9\tex\generic\pgfplots\pgfplotsmeshplothandle
r.code.tex"
("C:\Program Files (x86)\MiKTeX 2.9\tex\generic\pgfplots\pgfplotsmeshplotimage.
code.tex")))
("C:\Program Files (x86)\MiKTeX 2.9\tex\generic\pgfplots\pgfplots.scaling.code.
tex")
("C:\Program Files (x86)\MiKTeX 2.9\tex\generic\pgfplots\pgfplotscoordprocessin
g.code.tex")
("C:\Program Files (x86)\MiKTeX 2.9\tex\generic\pgfplots\pgfplots.errorbars.cod
e.tex")
("C:\Program Files (x86)\MiKTeX 2.9\tex\generic\pgfplots\pgfplots.markers.code.
tex")
("C:\Program Files (x86)\MiKTeX 2.9\tex\generic\pgfplots\pgfplotsticks.code.tex
")
("C:\Program Files (x86)\MiKTeX 2.9\tex\generic\pgfplots\pgfplots.paths.code.te
x")
("C:\Program Files (x86)\MiKTeX 2.9\tex\generic\pgf\frontendlayer\tikz\librarie
s\tikzlibrarydecorations.code.tex"
("C:\Program Files (x86)\MiKTeX 2.9\tex\generic\pgf\modules\pgfmoduledecoration
s.code.tex"
\pgfdecoratedcompleteddistance=\dimen186
\pgfdecoratedremainingdistance=\dimen187
\pgfdecoratedinputsegmentcompleteddistance=\dimen188
\pgfdecoratedinputsegmentremainingdistance=\dimen189
\pgf@decorate@distancetomove=\dimen190
\pgf@decorate@repeatstate=\count154
\pgfdecorationsegmentamplitude=\dimen191
\pgfdecorationsegmentlength=\dimen192
)
\tikz@lib@dec@box=\box46
)
("C:\Program Files (x86)\MiKTeX 2.9\tex\generic\pgf\frontendlayer\tikz\librarie
s\tikzlibrarydecorations.pathmorphing.code.tex"
("C:\Program Files (x86)\MiKTeX 2.9\tex\generic\pgf\libraries\decorations\pgfli
brarydecorations.pathmorphing.code.tex"))
("C:\Program Files (x86)\MiKTeX 2.9\tex\generic\pgf\frontendlayer\tikz\librarie
s\tikzlibrarydecorations.pathreplacing.code.tex"
("C:\Program Files (x86)\MiKTeX 2.9\tex\generic\pgf\libraries\decorations\pgfli
brarydecorations.pathreplacing.code.tex"))
\pgfplots@numplots=\count155
\pgfplots@xmin@reg=\dimen193
\pgfplots@xmax@reg=\dimen194
\pgfplots@ymin@reg=\dimen195
\pgfplots@ymax@reg=\dimen196
\pgfplots@zmin@reg=\dimen197
\pgfplots@zmax@reg=\dimen198
)
("C:\Program Files (x86)\MiKTeX 2.9\tex\generic\pgf\frontendlayer\tikz\librarie
s\tikzlibraryplotmarks.code.tex"
File: tikzlibraryplotmarks.code.tex 2008/01/09 v3.0.1a (rcs-revision 1.1)

("C:\Program Files (x86)\MiKTeX 2.9\tex\generic\pgf\libraries\pgflibraryplotmar
ks.code.tex"
File: pgflibraryplotmarks.code.tex 2015/08/03 v3.0.1a (rcs-revision 1.14)
)))
("C:\Program Files (x86)\MiKTeX 2.9\tex\latex\adjustbox\adjustbox.sty"
Package: adjustbox 2018/04/08 v1.1 Adjusting TeX boxes (trim, clip, ...)

("C:\Program Files (x86)\MiKTeX 2.9\tex\latex\adjustbox\adjcalc.sty"
Package: adjcalc 2012/05/16 v1.1 Provides advanced setlength with multiple back
-ends (calc, etex, pgfmath)
)
("C:\Program Files (x86)\MiKTeX 2.9\tex\latex\adjustbox\trimclip.sty"
Package: trimclip 2018/04/08 v1.1 Trim and clip general TeX material

("C:\Program Files (x86)\MiKTeX 2.9\tex\latex\collectbox\collectbox.sty"
Package: collectbox 2012/05/17 v0.4b Collect macro arguments as boxes
\collectedbox=\box47
)
\tc@llx=\dimen199
\tc@lly=\dimen256
\tc@urx=\dimen257
\tc@ury=\dimen258
Package trimclip Info: Using driver 'tc-pdftex.def'.

("C:\Program Files (x86)\MiKTeX 2.9\tex\latex\adjustbox\tc-pdftex.def"
File: tc-pdftex.def 2018/04/08 v2.1 Clipping driver for pdftex
))
\adjbox@Width=\dimen259
\adjbox@Height=\dimen260
\adjbox@Depth=\dimen261
\adjbox@Totalheight=\dimen262
\adjbox@pwidth=\dimen263
\adjbox@pheight=\dimen264
\adjbox@pdepth=\dimen265
\adjbox@ptotalheight=\dimen266

("C:\Program Files (x86)\MiKTeX 2.9\tex\latex\ifoddpage\ifoddpage.sty"
Package: ifoddpage 2016/04/23 v1.1 Conditionals for odd/even page detection
\c@checkoddpage=\count156
)
("C:\Program Files (x86)\MiKTeX 2.9\tex\latex\ltxmisc\varwidth.sty"
Package: varwidth 2009/03/30 ver 0.92;  Variable-width minipages
\@vwid@box=\box48
\sift@deathcycles=\count157
\@vwid@loff=\dimen267
\@vwid@roff=\dimen268
))
("C:\Program Files (x86)\MiKTeX 2.9\tex\latex\hyperref\hyperref.sty"
Package: hyperref 2016/06/24 v6.83q Hypertext links for LaTeX

("C:\Program Files (x86)\MiKTeX 2.9\tex\generic\oberdiek\hobsub-hyperref.sty"
Package: hobsub-hyperref 2016/05/16 v1.14 Bundle oberdiek, subset hyperref (HO)


("C:\Program Files (x86)\MiKTeX 2.9\tex\generic\oberdiek\hobsub-generic.sty"
Package: hobsub-generic 2016/05/16 v1.14 Bundle oberdiek, subset generic (HO)
Package: hobsub 2016/05/16 v1.14 Construct package bundles (HO)
Package hobsub Info: Skipping package `infwarerr' (already loaded).
Package hobsub Info: Skipping package `ltxcmds' (already loaded).
Package: ifluatex 2016/05/16 v1.4 Provides the ifluatex switch (HO)
Package ifluatex Info: LuaTeX not detected.
Package hobsub Info: Skipping package `ifvtex' (already loaded).
Package: intcalc 2016/05/16 v1.2 Expandable calculations with integers (HO)
Package hobsub Info: Skipping package `ifpdf' (already loaded).
Package: etexcmds 2016/05/16 v1.6 Avoid name clashes with e-TeX commands (HO)
Package etexcmds Info: Could not find \expanded.
(etexcmds)             That can mean that you are not using pdfTeX 1.50 or
(etexcmds)             that some package has redefined \expanded.
(etexcmds)             In the latter case, load this package earlier.
Package: kvsetkeys 2016/05/16 v1.17 Key value parser (HO)
Package: kvdefinekeys 2016/05/16 v1.4 Define keys (HO)
Package: pdftexcmds 2016/05/21 v0.22 Utility functions of pdfTeX for LuaTeX (HO
)
Package pdftexcmds Info: LuaTeX not detected.
Package pdftexcmds Info: \pdf@primitive is available.
Package pdftexcmds Info: \pdf@ifprimitive is available.
Package pdftexcmds Info: \pdfdraftmode found.
Package: pdfescape 2016/05/16 v1.14 Implements pdfTeX's escape features (HO)
Package: bigintcalc 2016/05/16 v1.4 Expandable calculations on big integers (HO
)
Package: bitset 2016/05/16 v1.2 Handle bit-vector datatype (HO)
Package: uniquecounter 2016/05/16 v1.3 Provide unlimited unique counter (HO)
)
Package hobsub Info: Skipping package `hobsub' (already loaded).
Package: letltxmacro 2016/05/16 v1.5 Let assignment for LaTeX macros (HO)
Package: hopatch 2016/05/16 v1.3 Wrapper for package hooks (HO)
Package: xcolor-patch 2016/05/16 xcolor patch
Package: atveryend 2016/05/16 v1.9 Hooks at the very end of document (HO)
Package atveryend Info: \enddocument detected (standard20110627).
Package hobsub Info: Skipping package `atbegshi' (already loaded).
Package: refcount 2016/05/16 v3.5 Data extraction from label references (HO)
Package: hycolor 2016/05/16 v1.8 Color options for hyperref/bookmark (HO)
)
("C:\Program Files (x86)\MiKTeX 2.9\tex\latex\oberdiek\auxhook.sty"
Package: auxhook 2016/05/16 v1.4 Hooks for auxiliary files (HO)
)
("C:\Program Files (x86)\MiKTeX 2.9\tex\latex\oberdiek\kvoptions.sty"
Package: kvoptions 2016/05/16 v3.12 Key value format for package options (HO)
)
\@linkdim=\dimen269
\Hy@linkcounter=\count158
\Hy@pagecounter=\count159

("C:\Program Files (x86)\MiKTeX 2.9\tex\latex\hyperref\pd1enc.def"
File: pd1enc.def 2016/06/24 v6.83q Hyperref: PDFDocEncoding definition (HO)
)
\Hy@SavedSpaceFactor=\count160

("C:\Program Files (x86)\MiKTeX 2.9\tex\latex\00miktex\hyperref.cfg"
File: hyperref.cfg 2002/06/06 v1.2 hyperref configuration of TeXLive
)
Package hyperref Info: Option `hyperfootnotes' set `false' on input line 4362.
Package hyperref Info: Hyper figures OFF on input line 4486.
Package hyperref Info: Link nesting OFF on input line 4491.
Package hyperref Info: Hyper index ON on input line 4494.
Package hyperref Info: Plain pages OFF on input line 4501.
Package hyperref Info: Backreferencing OFF on input line 4506.
Package hyperref Info: Implicit mode ON; LaTeX internals redefined.
Package hyperref Info: Bookmarks ON on input line 4735.
\c@Hy@tempcnt=\count161

("C:\Program Files (x86)\MiKTeX 2.9\tex\latex\url\url.sty"
\Urlmuskip=\muskip11
Package: url 2013/09/16  ver 3.4  Verb mode for urls, etc.
)
LaTeX Info: Redefining \url on input line 5088.
\XeTeXLinkMargin=\dimen270
\Fld@menulength=\count162
\Field@Width=\dimen271
\Fld@charsize=\dimen272
Package hyperref Info: Hyper figures OFF on input line 6342.
Package hyperref Info: Link nesting OFF on input line 6347.
Package hyperref Info: Hyper index ON on input line 6350.
Package hyperref Info: backreferencing OFF on input line 6357.
Package hyperref Info: Link coloring OFF on input line 6362.
Package hyperref Info: Link coloring with OCG OFF on input line 6367.
Package hyperref Info: PDF/A mode OFF on input line 6372.
LaTeX Info: Redefining \ref on input line 6412.
LaTeX Info: Redefining \pageref on input line 6416.
\Hy@abspage=\count163
\c@Item=\count164
)

Package hyperref Message: Driver (autodetected): hpdftex.

("C:\Program Files (x86)\MiKTeX 2.9\tex\latex\hyperref\hpdftex.def"
File: hpdftex.def 2016/06/24 v6.83q Hyperref driver for pdfTeX
\Fld@listcount=\count165
\c@bookmark@seq@number=\count166

("C:\Program Files (x86)\MiKTeX 2.9\tex\latex\oberdiek\rerunfilecheck.sty"
Package: rerunfilecheck 2016/05/16 v1.8 Rerun checks for auxiliary files (HO)
Package uniquecounter Info: New unique counter `rerunfilecheck' on input line 2
82.
)
\Hy@SectionHShift=\skip62
)
("C:\Program Files (x86)\MiKTeX 2.9\tex\latex\setspace\setspace.sty"
Package: setspace 2011/12/19 v6.7a set line spacing
)
(relsize.sty
Package: relsize 2013/03/29 ver 4.1
) (algorithm2e.sty
Package: algorithm2e 2017/07/18 v5.2 algorithms environments
\c@AlgoLine=\count167
\algocf@hangindent=\skip63
\skiptotal=\skip64
\skiplinenumber=\skip65
\skiprule=\skip66
\skiphlne=\skip67
\skiptext=\skip68
\skiplength=\skip69
\algomargin=\skip70
\skipalgocfslide=\skip71
\algowidth=\dimen273
\inoutsize=\dimen274
\inoutindent=\dimen275
\interspacetitleruled=\dimen276
\interspacealgoruled=\dimen277
\interspacetitleboxruled=\dimen278
\algocf@ruledwidth=\skip72
\algocf@inoutbox=\box49
\algocf@inputbox=\box50
\AlCapSkip=\skip73
\AlCapHSkip=\skip74
\algoskipindent=\skip75
\algocf@nlbox=\box51
\algocf@hangingbox=\box52
\algocf@untilbox=\box53
\algocf@skipuntil=\skip76
\algocf@capbox=\box54
\algocf@lcaptionbox=\skip77
\algoheightruledefault=\skip78
\algoheightrule=\skip79
\algotitleheightruledefault=\skip80
\algotitleheightrule=\skip81
\c@algocfline=\count168
\c@algocfproc=\count169
\c@algocf=\count170
\algocf@algoframe=\box55
\algocf@algobox=\box56
) (../../documents/arduinoLanguage.tex
("C:\Program Files (x86)\MiKTeX 2.9\tex\latex\psnfss\courier.sty"
Package: courier 2005/04/12 PSNFSS-v9.2a (WaS) 
))
(../../documents/configuration.tex
("C:\Program Files (x86)\MiKTeX 2.9\tex\latex\listings\lstlang1.sty"
File: lstlang1.sty 2015/06/04 1.6 listings language file
))
(Duayenler_Final.aux

LaTeX Warning: Label `fig:blockdiagram' multiply defined.


LaTeX Warning: Label `test:a2' multiply defined.


LaTeX Warning: Label `test:a2' multiply defined.


LaTeX Warning: Label `user_man' multiply defined.

)
\openout1 = `Duayenler_Final.aux'.

LaTeX Font Info:    Checking defaults for OML/cmm/m/it on input line 83.
LaTeX Font Info:    ... okay on input line 83.
LaTeX Font Info:    Checking defaults for T1/cmr/m/n on input line 83.
LaTeX Font Info:    ... okay on input line 83.
LaTeX Font Info:    Checking defaults for OT1/cmr/m/n on input line 83.
LaTeX Font Info:    ... okay on input line 83.
LaTeX Font Info:    Checking defaults for OMS/cmsy/m/n on input line 83.
LaTeX Font Info:    ... okay on input line 83.
LaTeX Font Info:    Checking defaults for OMX/cmex/m/n on input line 83.
LaTeX Font Info:    ... okay on input line 83.
LaTeX Font Info:    Checking defaults for U/cmr/m/n on input line 83.
LaTeX Font Info:    ... okay on input line 83.
LaTeX Font Info:    Checking defaults for PD1/pdf/m/n on input line 83.
LaTeX Font Info:    ... okay on input line 83.

*geometry* driver: auto-detecting
*geometry* detected driver: pdftex
*geometry* verbose mode - [ preamble ] result:
* driver: pdftex
* paper: a4paper
* layout: <same size as paper>
* layoutoffset:(h,v)=(0.0pt,0.0pt)
* modes: 
* h-part:(L,W,R)=(74.71704pt, 448.07378pt, 74.71706pt)
* v-part:(T,H,B)=(77.84674pt, 650.43pt, 116.77011pt)
* \paperwidth=597.50787pt
* \paperheight=845.04684pt
* \textwidth=448.07378pt
* \textheight=650.43pt
* \oddsidemargin=2.44705pt
* \evensidemargin=2.44705pt
* \topmargin=-31.42325pt
* \headheight=12.0pt
* \headsep=25.0pt
* \topskip=12.0pt
* \footskip=30.0pt
* \marginparwidth=35.0pt
* \marginparsep=10.0pt
* \columnsep=10.0pt
* \skip\footins=10.8pt plus 4.0pt minus 2.0pt
* \hoffset=0.0pt
* \voffset=0.0pt
* \mag=1000
* \@twocolumnfalse
* \@twosidefalse
* \@mparswitchfalse
* \@reversemarginfalse
* (1in=72.27pt=25.4mm, 1cm=28.453pt)

("C:\Program Files (x86)\MiKTeX 2.9\tex\latex\ucs\ucsencs.def"
File: ucsencs.def 2011/01/21 Fixes to fontencodings LGR, T3
)
("C:\Program Files (x86)\MiKTeX 2.9\tex\context\base\supp-pdf.mkii"
[Loading MPS to PDF converter (version 2006.09.02).]
\scratchcounter=\count171
\scratchdimen=\dimen279
\scratchbox=\box57
\nofMPsegments=\count172
\nofMParguments=\count173
\everyMPshowfont=\toks50
\MPscratchCnt=\count174
\MPscratchDim=\dimen280
\MPnumerator=\count175
\makeMPintoPDFobject=\count176
\everyMPtoPDFconversion=\toks51
) ("C:\Program Files (x86)\MiKTeX 2.9\tex\latex\oberdiek\epstopdf-base.sty"
Package: epstopdf-base 2016/05/15 v2.6 Base part for package epstopdf

("C:\Program Files (x86)\MiKTeX 2.9\tex\latex\oberdiek\grfext.sty"
Package: grfext 2016/05/16 v1.2 Manage graphics extensions (HO)
)
Package epstopdf-base Info: Redefining graphics rule for `.eps' on input line 4
38.
Package grfext Info: Graphics extension search list:
(grfext)             [.png,.pdf,.jpg,.mps,.jpeg,.jbig2,.jb2,.PNG,.PDF,.JPG,.JPE
G,.JBIG2,.JB2,.eps]
(grfext)             \AppendGraphicsExtensions on input line 456.
)
ABD: EveryShipout initializing macros
LaTeX Info: Redefining \celsius on input line 83.
Package gensymb Info: Faking symbols for \degree and \celsius on input line 83.



Package gensymb Warning: Not defining \perthousand.

LaTeX Info: Redefining \ohm on input line 83.
Package gensymb Info: Using \Omega for \ohm on input line 83.

Package gensymb Warning: Not defining \micro.

Package caption Info: Begin \AtBeginDocument code.
Package caption Info: hyperref package is loaded.
Package caption Info: listings package is loaded.
Package caption Info: End \AtBeginDocument code.
\c@lstlisting=\count177
\AtBeginShipoutBox=\box58
("C:\Program Files (x86)\MiKTeX 2.9\tex\latex\oberdiek\pdflscape.sty"
Package: pdflscape 2016/05/14 v0.11 Display of landscape pages in PDF (HO)

("C:\Program Files (x86)\MiKTeX 2.9\tex\latex\graphics\lscape.sty"
Package: lscape 2000/10/22 v3.01 Landscape Pages (DPC)
)
Package pdflscape Info: Auto-detected driver: pdftex on input line 81.
)

Package pgfplots Warning: running in backwards compatibility mode (unsuitable t
ick labels; missing features). Consider writing \pgfplotsset{compat=1.16} into 
your preamble.
 on input line 83.

Package hyperref Info: Link coloring OFF on input line 83.
("C:\Program Files (x86)\MiKTeX 2.9\tex\latex\hyperref\nameref.sty"
Package: nameref 2016/05/21 v2.44 Cross-referencing by name of section

("C:\Program Files (x86)\MiKTeX 2.9\tex\generic\oberdiek\gettitlestring.sty"
Package: gettitlestring 2016/05/16 v1.5 Cleanup title references (HO)
)
\c@section@level=\count178
LaTeX Info: Redefining \Ref on input line 515.
)
LaTeX Info: Redefining \ref on input line 83.
LaTeX Info: Redefining \pageref on input line 83.
LaTeX Info: Redefining \nameref on input line 83.

(Duayenler_Final.out) (Duayenler_Final.out)
\@outlinefile=\write4
\openout4 = `Duayenler_Final.out'.

LaTeX Info: Redefining \Ref on input line 83.

<../../documents/logos/logo3-with-stroke.png, id=174, 1508.63625pt x 379.4175pt
>
File: ../../documents/logos/logo3-with-stroke.png Graphic file (type png)
 <use ../../documents/logos/logo3-with-stroke.png>
Package pdftex.def Info: ../../documents/logos/logo3-with-stroke.png used on in
put line 91.
(pdftex.def)             Requested size: 448.05945pt x 112.68561pt.

("C:\Program Files (x86)\MiKTeX 2.9\tex\latex\ucs\uni-0.def"
File: uni-0.def 2013/05/13 UCS: Unicode data U+0000..U+00FF
)
LaTeX Font Info:    Try loading font information for U+msa on input line 107.

("C:\Program Files (x86)\MiKTeX 2.9\tex\latex\amsfonts\umsa.fd"
File: umsa.fd 2013/01/14 v3.01 AMS symbols A
)
LaTeX Font Info:    Try loading font information for U+msb on input line 107.

("C:\Program Files (x86)\MiKTeX 2.9\tex\latex\amsfonts\umsb.fd"
File: umsb.fd 2013/01/14 v3.01 AMS symbols B
)
("C:\Program Files (x86)\MiKTeX 2.9\tex\latex\ucs\uni-1.def"
File: uni-1.def 2013/05/13 UCS: Unicode data U+0100..U+01FF
) [1

{C:/ProgramData/MiKTeX/2.9/pdftex/config/pdftex.map} <../../documents/logos/log
o3-with-stroke.png>] (Duayenler_Final.tocpdfTeX warning (ext4): destination wit
h the same identifier (name{page.1}) has been already used, duplicate ignored
<to be read again> 
                   \relax 
l.41 ...8.2}Application Areas}{37}{subsection.8.2}
                                                   [1])
\tf@toc=\write5
\openout5 = `Duayenler_Final.toc'.

 [2]
Package hyperref Info: bookmark level for unknown todo defaults to 0 on input l
ine 153.

Overfull \hbox (9.67328pt too wide) in paragraph at lines 153--153
[][][][]\OT1/cmr/m/n/12 DONT 
 []


Overfull \hbox (3.31085pt too wide) in paragraph at lines 153--153
\OT1/cmr/m/n/12 FOR- 
 []


Overfull \hbox (14.07741pt too wide) in paragraph at lines 153--153
\OT1/cmr/m/n/12 THESE 
 []


Overfull \hbox (1.83586pt too wide) in paragraph at lines 153--153
\OT1/cmr/m/n/12 VAL- 
 []


Overfull \hbox (9.67328pt too wide) in paragraph at lines 153--153
[][][][]\OT1/cmr/m/n/12 DONT 
 []


Overfull \hbox (3.31085pt too wide) in paragraph at lines 153--153
\OT1/cmr/m/n/12 FOR- 
 []


Overfull \hbox (14.07741pt too wide) in paragraph at lines 153--153
\OT1/cmr/m/n/12 THESE 
 []


Overfull \hbox (1.83586pt too wide) in paragraph at lines 153--153
\OT1/cmr/m/n/12 VAL- 
 []


Overfull \hbox (9.67328pt too wide) in paragraph at lines 153--153
[][][][]\OT1/cmr/m/n/12 DONT 
 []


Overfull \hbox (3.31085pt too wide) in paragraph at lines 153--153
\OT1/cmr/m/n/12 FOR- 
 []


Overfull \hbox (14.07741pt too wide) in paragraph at lines 153--153
\OT1/cmr/m/n/12 THESE 
 []


Overfull \hbox (1.83586pt too wide) in paragraph at lines 153--153
\OT1/cmr/m/n/12 VAL- 
 []


Overfull \hbox (9.67328pt too wide) in paragraph at lines 153--153
[][][][]\OT1/cmr/m/n/12 DONT 
 []


Overfull \hbox (3.31085pt too wide) in paragraph at lines 153--153
\OT1/cmr/m/n/12 FOR- 
 []


Overfull \hbox (14.07741pt too wide) in paragraph at lines 153--153
\OT1/cmr/m/n/12 THESE 
 []


Overfull \hbox (1.83586pt too wide) in paragraph at lines 153--153
\OT1/cmr/m/n/12 VAL- 
 []

[3] [4]
Overfull \hbox (2.32751pt too wide) in paragraph at lines 171--171
[][][][]\OT1/cmr/m/n/12 THIS 
 []


Overfull \hbox (6.24416pt too wide) in paragraph at lines 171--171
\OT1/cmr/m/n/12 PART 
 []


Overfull \hbox (28.26894pt too wide) in paragraph at lines 171--171
\OT1/cmr/m/n/12 REWRIT- 
 []


Overfull \hbox (10.81772pt too wide) in paragraph at lines 171--171
\OT1/cmr/m/n/12 PORT.  
 []


Overfull \hbox (2.32751pt too wide) in paragraph at lines 171--171
[][][][]\OT1/cmr/m/n/12 THIS 
 []


Overfull \hbox (6.24416pt too wide) in paragraph at lines 171--171
\OT1/cmr/m/n/12 PART 
 []


Overfull \hbox (28.26894pt too wide) in paragraph at lines 171--171
\OT1/cmr/m/n/12 REWRIT- 
 []


Overfull \hbox (10.81772pt too wide) in paragraph at lines 171--171
\OT1/cmr/m/n/12 PORT.  
 []


Overfull \hbox (2.32751pt too wide) in paragraph at lines 171--171
[][][][]\OT1/cmr/m/n/12 THIS 
 []


Overfull \hbox (6.24416pt too wide) in paragraph at lines 171--171
\OT1/cmr/m/n/12 PART 
 []


Overfull \hbox (28.26894pt too wide) in paragraph at lines 171--171
\OT1/cmr/m/n/12 REWRIT- 
 []


Overfull \hbox (10.81772pt too wide) in paragraph at lines 171--171
\OT1/cmr/m/n/12 PORT.  
 []


Overfull \hbox (2.32751pt too wide) in paragraph at lines 171--171
[][][][]\OT1/cmr/m/n/12 THIS 
 []


Overfull \hbox (6.24416pt too wide) in paragraph at lines 171--171
\OT1/cmr/m/n/12 PART 
 []


Overfull \hbox (28.26894pt too wide) in paragraph at lines 171--171
\OT1/cmr/m/n/12 REWRIT- 
 []


Overfull \hbox (10.81772pt too wide) in paragraph at lines 171--171
\OT1/cmr/m/n/12 PORT.  
 []

<images/system.png, id=246, 1851.91875pt x 777.90625pt>
File: images/system.png Graphic file (type png)

<use images/system.png>
Package pdftex.def Info: images/system.png used on input line 177.
(pdftex.def)             Requested size: 448.07378pt x 188.20879pt.

<images/vModels/vmodel.png, id=248, 1436.36626pt x 534.49687pt>
File: images/vModels/vmodel.png Graphic file (type png)

<use images/vModels/vmodel.png>
Package pdftex.def Info: images/vModels/vmodel.png used on input line 187.
(pdftex.def)             Requested size: 448.07378pt x 166.73625pt.
 [5 <./images/system.png> <./images/vModels/vmodel.png>]
Overfull \hbox (2.32751pt too wide) in paragraph at lines 216--216
[][][][]\OT1/cmr/m/n/12 THIS 
 []


Overfull \hbox (6.24416pt too wide) in paragraph at lines 216--216
\OT1/cmr/m/n/12 PART 
 []


Overfull \hbox (28.26894pt too wide) in paragraph at lines 216--216
\OT1/cmr/m/n/12 REWRIT- 
 []


Overfull \hbox (10.81772pt too wide) in paragraph at lines 216--216
\OT1/cmr/m/n/12 PORT.  
 []


Overfull \hbox (2.32751pt too wide) in paragraph at lines 216--216
[][][][]\OT1/cmr/m/n/12 THIS 
 []


Overfull \hbox (6.24416pt too wide) in paragraph at lines 216--216
\OT1/cmr/m/n/12 PART 
 []


Overfull \hbox (28.26894pt too wide) in paragraph at lines 216--216
\OT1/cmr/m/n/12 REWRIT- 
 []


Overfull \hbox (10.81772pt too wide) in paragraph at lines 216--216
\OT1/cmr/m/n/12 PORT.  
 []


Overfull \hbox (2.32751pt too wide) in paragraph at lines 216--216
[][][][]\OT1/cmr/m/n/12 THIS 
 []


Overfull \hbox (6.24416pt too wide) in paragraph at lines 216--216
\OT1/cmr/m/n/12 PART 
 []


Overfull \hbox (28.26894pt too wide) in paragraph at lines 216--216
\OT1/cmr/m/n/12 REWRIT- 
 []


Overfull \hbox (10.81772pt too wide) in paragraph at lines 216--216
\OT1/cmr/m/n/12 PORT.  
 []


Overfull \hbox (2.32751pt too wide) in paragraph at lines 216--216
[][][][]\OT1/cmr/m/n/12 THIS 
 []


Overfull \hbox (6.24416pt too wide) in paragraph at lines 216--216
\OT1/cmr/m/n/12 PART 
 []


Overfull \hbox (28.26894pt too wide) in paragraph at lines 216--216
\OT1/cmr/m/n/12 REWRIT- 
 []


Overfull \hbox (10.81772pt too wide) in paragraph at lines 216--216
\OT1/cmr/m/n/12 PORT.  
 []


<images/vModels/laneDetection_subsystem.png, id=258, 1201.48875pt x 398.23781pt
>
File: images/vModels/laneDetection_subsystem.png Graphic file (type png)
 <use images/vModels/laneDetection_subsystem.png>
Package pdftex.def Info: images/vModels/laneDetection_subsystem.png used on inp
ut line 241.
(pdftex.def)             Requested size: 416.70532pt x 138.1153pt.

<images/ROT_ROI/explanation_ROI_ROT.png, id=260, 412.4208pt x 146.2263pt>
File: images/ROT_ROI/explanation_ROI_ROT.png Graphic file (type png)

<use images/ROT_ROI/explanation_ROI_ROT.png>
Package pdftex.def Info: images/ROT_ROI/explanation_ROI_ROT.png used on input l
ine 256.
(pdftex.def)             Requested size: 416.70532pt x 147.74986pt.
 [6 <./images/vModels/laneDetection_subsystem.png>]
<images/ROT_ROI/ROI_HIGH_crop.png, id=280, 551.4201pt x 294.6207pt>
File: images/ROT_ROI/ROI_HIGH_crop.png Graphic file (type png)

<use images/ROT_ROI/ROI_HIGH_crop.png>
Package pdftex.def Info: images/ROT_ROI/ROI_HIGH_crop.png used on input line 29
3.
(pdftex.def)             Requested size: 197.15355pt x 105.33958pt.

<images/ROT_ROI/ROI_crop.png, id=281, 549.61336pt x 294.50024pt>
File: images/ROT_ROI/ROI_crop.png Graphic file (type png)

<use images/ROT_ROI/ROI_crop.png>
Package pdftex.def Info: images/ROT_ROI/ROI_crop.png used on input line 302.
(pdftex.def)             Requested size: 197.15355pt x 105.63803pt.
 [7 <./images/ROT_ROI/explanation_ROI_ROT.png>]
Overfull \hbox (2.32751pt too wide) in paragraph at lines 335--335
[][][][]\OT1/cmr/m/n/12 THIS 
 []


Overfull \hbox (6.24416pt too wide) in paragraph at lines 335--335
\OT1/cmr/m/n/12 PART 
 []


Overfull \hbox (28.26894pt too wide) in paragraph at lines 335--335
\OT1/cmr/m/n/12 REWRIT- 
 []


Overfull \hbox (10.81772pt too wide) in paragraph at lines 335--335
\OT1/cmr/m/n/12 PORT.  
 []


Overfull \hbox (2.32751pt too wide) in paragraph at lines 335--335
[][][][]\OT1/cmr/m/n/12 THIS 
 []


Overfull \hbox (6.24416pt too wide) in paragraph at lines 335--335
\OT1/cmr/m/n/12 PART 
 []


Overfull \hbox (28.26894pt too wide) in paragraph at lines 335--335
\OT1/cmr/m/n/12 REWRIT- 
 []


Overfull \hbox (10.81772pt too wide) in paragraph at lines 335--335
\OT1/cmr/m/n/12 PORT.  
 []


Overfull \hbox (2.32751pt too wide) in paragraph at lines 335--335
[][][][]\OT1/cmr/m/n/12 THIS 
 []


Overfull \hbox (6.24416pt too wide) in paragraph at lines 335--335
\OT1/cmr/m/n/12 PART 
 []


Overfull \hbox (28.26894pt too wide) in paragraph at lines 335--335
\OT1/cmr/m/n/12 REWRIT- 
 []


Overfull \hbox (10.81772pt too wide) in paragraph at lines 335--335
\OT1/cmr/m/n/12 PORT.  
 []


Overfull \hbox (2.32751pt too wide) in paragraph at lines 335--335
[][][][]\OT1/cmr/m/n/12 THIS 
 []


Overfull \hbox (6.24416pt too wide) in paragraph at lines 335--335
\OT1/cmr/m/n/12 PART 
 []


Overfull \hbox (28.26894pt too wide) in paragraph at lines 335--335
\OT1/cmr/m/n/12 REWRIT- 
 []


Overfull \hbox (10.81772pt too wide) in paragraph at lines 335--335
\OT1/cmr/m/n/12 PORT.  
 []

[8 <./images/ROT_ROI/ROI_HIGH_crop.png> <./images/ROT_ROI/ROI_crop.png>]
Overfull \hbox (2.32751pt too wide) in paragraph at lines 365--365
[][][][]\OT1/cmr/m/n/12 THIS 
 []


Overfull \hbox (6.24416pt too wide) in paragraph at lines 365--365
\OT1/cmr/m/n/12 PART 
 []


Overfull \hbox (28.26894pt too wide) in paragraph at lines 365--365
\OT1/cmr/m/n/12 REWRIT- 
 []


Overfull \hbox (10.81772pt too wide) in paragraph at lines 365--365
\OT1/cmr/m/n/12 PORT.  
 []


Overfull \hbox (2.32751pt too wide) in paragraph at lines 365--365
[][][][]\OT1/cmr/m/n/12 THIS 
 []


Overfull \hbox (6.24416pt too wide) in paragraph at lines 365--365
\OT1/cmr/m/n/12 PART 
 []


Overfull \hbox (28.26894pt too wide) in paragraph at lines 365--365
\OT1/cmr/m/n/12 REWRIT- 
 []


Overfull \hbox (10.81772pt too wide) in paragraph at lines 365--365
\OT1/cmr/m/n/12 PORT.  
 []


Overfull \hbox (2.32751pt too wide) in paragraph at lines 365--365
[][][][]\OT1/cmr/m/n/12 THIS 
 []


Overfull \hbox (6.24416pt too wide) in paragraph at lines 365--365
\OT1/cmr/m/n/12 PART 
 []


Overfull \hbox (28.26894pt too wide) in paragraph at lines 365--365
\OT1/cmr/m/n/12 REWRIT- 
 []


Overfull \hbox (10.81772pt too wide) in paragraph at lines 365--365
\OT1/cmr/m/n/12 PORT.  
 []


Overfull \hbox (2.32751pt too wide) in paragraph at lines 365--365
[][][][]\OT1/cmr/m/n/12 THIS 
 []


Overfull \hbox (6.24416pt too wide) in paragraph at lines 365--365
\OT1/cmr/m/n/12 PART 
 []


Overfull \hbox (28.26894pt too wide) in paragraph at lines 365--365
\OT1/cmr/m/n/12 REWRIT- 
 []


Overfull \hbox (10.81772pt too wide) in paragraph at lines 365--365
\OT1/cmr/m/n/12 PORT.  
 []

LaTeX Font Info:    Try loading font information for OMS+cmr on input line 374.

("C:\Program Files (x86)\MiKTeX 2.9\tex\latex\base\omscmr.fd"
File: omscmr.fd 2014/09/29 v2.5h Standard LaTeX font definitions
)
LaTeX Font Info:    Font shape `OMS/cmr/m/n' in size <12> not available
(Font)              Font shape `OMS/cmsy/m/n' tried instead on input line 374.
 [9]
Overfull \hbox (8.86356pt too wide) in paragraph at lines 401--401
\OT1/cmr/m/n/12 rewrit- 
 []


Overfull \hbox (8.86356pt too wide) in paragraph at lines 401--401
\OT1/cmr/m/n/12 rewrit- 
 []


Overfull \hbox (8.86356pt too wide) in paragraph at lines 401--401
\OT1/cmr/m/n/12 rewrit- 
 []


Overfull \hbox (8.86356pt too wide) in paragraph at lines 401--401
\OT1/cmr/m/n/12 rewrit- 
 []

<images/ang_cont.png, id=318, 163.5711pt x 123.0999pt>
File: images/ang_cont.png Graphic file (type png)

<use images/ang_cont.png>
Package pdftex.def Info: images/ang_cont.png used on input line 437.
(pdftex.def)             Requested size: 201.63182pt x 151.75005pt.

<images/dist_cont.png, id=319, 163.5711pt x 123.0999pt>
File: images/dist_cont.png Graphic file (type png)

<use images/dist_cont.png>
Package pdftex.def Info: images/dist_cont.png used on input line 442.
(pdftex.def)             Requested size: 201.63182pt x 151.75005pt.
 [10 <./images/ang_cont.png> <./images/dist_cont.png>] <images/Simulink/Block_D
iagram.png, id=333, 1314.41063pt x 286.06876pt>
File: images/Simulink/Block_Diagram.png Graphic file (type png)

<use images/Simulink/Block_Diagram.png>
Package pdftex.def Info: images/Simulink/Block_Diagram.png used on input line 4
67.
(pdftex.def)             Requested size: 448.07378pt x 97.51526pt.
 [11 <./images/Simulink/Block_Diagram.png>] [12]
Overfull \hbox (34.23053pt too wide) detected at line 540
\OML/cmm/m/it/12 y\OT1/cmr/m/n/12 [\OML/cmm/m/it/12 k\OT1/cmr/m/n/12 ] \OMS/cms
y/m/n/12   \OML/cmm/m/it/12 y\OT1/cmr/m/n/12 [\OML/cmm/m/it/12 k \OMS/cmsy/m/n/
12   \OT1/cmr/m/n/12 1] = \OML/cmm/m/it/12 K[]e\OT1/cmr/m/n/12 [\OML/cmm/m/it/1
2 k\OT1/cmr/m/n/12 ] \OMS/cmsy/m/n/12   \OML/cmm/m/it/12 K[]e\OT1/cmr/m/n/12 [\
OML/cmm/m/it/12 k \OMS/cmsy/m/n/12   \OT1/cmr/m/n/12 1] + [] + \OML/cmm/m/it/12
 K[]T[]e\OT1/cmr/m/n/12 [\OML/cmm/m/it/12 k \OMS/cmsy/m/n/12   \OT1/cmr/m/n/12 
1]\OML/cmm/m/it/12 =\OT1/cmr/m/n/12 2 + []\OML/cmm/m/it/12 e\OT1/cmr/m/n/12 [\O
ML/cmm/m/it/12 k\OT1/cmr/m/n/12 ] \OMS/cmsy/m/n/12   \OT1/cmr/m/n/12 2\OML/cmm/
m/it/12 e\OT1/cmr/m/n/12 [\OML/cmm/m/it/12 k \OMS/cmsy/m/n/12   \OT1/cmr/m/n/12
 1][] + []\OML/cmm/m/it/12 e\OT1/cmr/m/n/12 [\OML/cmm/m/it/12 k \OMS/cmsy/m/n/1
2   \OT1/cmr/m/n/12 2]
 []


Overfull \hbox (14.0546pt too wide) in paragraph at lines 558--558
[] 
 []

[13] [14]

LaTeX Warning: Reference `algo:rotation' on page 15 undefined on input line 605
.

[15]
LaTeX Font Info:    Try loading font information for OT1+pcr on input line 710.

 ("C:\Program Files (x86)\MiKTeX 2.9\tex\latex\psnfss\ot1pcr.fd"
File: ot1pcr.fd 2001/06/04 font definitions for OT1/pcr.
)
("C:\Program Files (x86)\MiKTeX 2.9\tex\latex\listings\lstlang1.sty"
File: lstlang1.sty 2015/06/04 1.6 listings language file
)
("C:\Program Files (x86)\MiKTeX 2.9\tex\latex\listings\lstlang1.sty"
File: lstlang1.sty 2015/06/04 1.6 listings language file
)
("C:\Program Files (x86)\MiKTeX 2.9\tex\latex\listings\lstmisc.sty"
File: lstmisc.sty 2015/06/04 1.6 (Carsten Heinz)
)
LaTeX Font Info:    Try loading font information for OML+cmr on input line 722.


("C:\Program Files (x86)\MiKTeX 2.9\tex\latex\base\omlcmr.fd"
File: omlcmr.fd 2014/09/29 v2.5h Standard LaTeX font definitions
)
LaTeX Font Info:    Font shape `OML/cmr/m/n' in size <12> not available
(Font)              Font shape `OML/cmm/m/it' tried instead on input line 722.

Overfull \hbox (2.32751pt too wide) in paragraph at lines 749--749
[][][][]\OT1/cmr/m/n/12 THIS 
 []


Overfull \hbox (6.24416pt too wide) in paragraph at lines 749--749
\OT1/cmr/m/n/12 PART 
 []


Overfull \hbox (28.26894pt too wide) in paragraph at lines 749--749
\OT1/cmr/m/n/12 REWRIT- 
 []


Overfull \hbox (10.81772pt too wide) in paragraph at lines 749--749
\OT1/cmr/m/n/12 PORT.  
 []


Overfull \hbox (2.32751pt too wide) in paragraph at lines 749--749
[][][][]\OT1/cmr/m/n/12 THIS 
 []


Overfull \hbox (6.24416pt too wide) in paragraph at lines 749--749
\OT1/cmr/m/n/12 PART 
 []


Overfull \hbox (28.26894pt too wide) in paragraph at lines 749--749
\OT1/cmr/m/n/12 REWRIT- 
 []


Overfull \hbox (10.81772pt too wide) in paragraph at lines 749--749
\OT1/cmr/m/n/12 PORT.  
 []


Overfull \hbox (2.32751pt too wide) in paragraph at lines 749--749
[][][][]\OT1/cmr/m/n/12 THIS 
 []


Overfull \hbox (6.24416pt too wide) in paragraph at lines 749--749
\OT1/cmr/m/n/12 PART 
 []


Overfull \hbox (28.26894pt too wide) in paragraph at lines 749--749
\OT1/cmr/m/n/12 REWRIT- 
 []


Overfull \hbox (10.81772pt too wide) in paragraph at lines 749--749
\OT1/cmr/m/n/12 PORT.  
 []


Overfull \hbox (2.32751pt too wide) in paragraph at lines 749--749
[][][][]\OT1/cmr/m/n/12 THIS 
 []


Overfull \hbox (6.24416pt too wide) in paragraph at lines 749--749
\OT1/cmr/m/n/12 PART 
 []


Overfull \hbox (28.26894pt too wide) in paragraph at lines 749--749
\OT1/cmr/m/n/12 REWRIT- 
 []


Overfull \hbox (10.81772pt too wide) in paragraph at lines 749--749
\OT1/cmr/m/n/12 PORT.  
 []

[16] [17] <images/client_asm.jpg, id=423, 751.80875pt x 692.5875pt>
File: images/client_asm.jpg Graphic file (type jpg)

<use images/client_asm.jpg>
Package pdftex.def Info: images/client_asm.jpg used on input line 775.
(pdftex.def)             Requested size: 358.46039pt x 330.2295pt.

<images/server_asm.jpg, id=424, 750.805pt x 803.0pt>
File: images/server_asm.jpg Graphic file (type jpg)

<use images/server_asm.jpg>
Package pdftex.def Info: images/server_asm.jpg used on input line 780.
(pdftex.def)             Requested size: 358.46039pt x 383.3894pt.


LaTeX Warning: `h' float specifier changed to `ht'.

[18 <./images/client_asm.jpg>] [19 <./images/server_asm.jpg>]
Overfull \hbox (8.86356pt too wide) in paragraph at lines 848--848
\OT1/cmr/m/n/12 rewrit- 
 []


Overfull \hbox (8.86356pt too wide) in paragraph at lines 848--848
\OT1/cmr/m/n/12 rewrit- 
 []


Overfull \hbox (8.86356pt too wide) in paragraph at lines 848--848
\OT1/cmr/m/n/12 rewrit- 
 []


Overfull \hbox (8.86356pt too wide) in paragraph at lines 848--848
\OT1/cmr/m/n/12 rewrit- 
 []

[20] <images/ROT_ROI/baseSpeed_crop.png, id=460, 549.9747pt x 294.50024pt>
File: images/ROT_ROI/baseSpeed_crop.png Graphic file (type png)

<use images/ROT_ROI/baseSpeed_crop.png>
Package pdftex.def Info: images/ROT_ROI/baseSpeed_crop.png used on input line 8
89.
(pdftex.def)             Requested size: 448.07378pt x 239.93243pt.
 [21 <./images/ROT_ROI/baseSpeed_crop.png>] [22] <images/motor-holder.png, id=4
92, 550.30594pt x 554.82281pt>
File: images/motor-holder.png Graphic file (type png)

<use images/motor-holder.png>
Package pdftex.def Info: images/motor-holder.png used on input line 1022.
(pdftex.def)             Requested size: 130.084pt x 131.14531pt.

<images/chassis1.png, id=494, 1317.42188pt x 846.16125pt>
File: images/chassis1.png Graphic file (type png)

<use images/chassis1.png>
Package pdftex.def Info: images/chassis1.png used on input line 1031.
(pdftex.def)             Requested size: 358.46039pt x 230.23544pt.


LaTeX Warning: `h' float specifier changed to `ht'.


Overfull \hbox (10.1691pt too wide) in paragraph at lines 1070--1070
\OT1/cmr/m/n/12 rewrite 
 []


Overfull \hbox (10.1691pt too wide) in paragraph at lines 1070--1070
\OT1/cmr/m/n/12 rewrite 
 []


Overfull \hbox (10.1691pt too wide) in paragraph at lines 1070--1070
\OT1/cmr/m/n/12 rewrite 
 []


Overfull \hbox (10.1691pt too wide) in paragraph at lines 1070--1070
\OT1/cmr/m/n/12 rewrite 
 []

[23 <./images/motor-holder.png>]
<images/subsys_block.png, id=516, 581.5326pt x 297.7524pt>
File: images/subsys_block.png Graphic file (type png)

<use images/subsys_block.png>
Package pdftex.def Info: images/subsys_block.png used on input line 1076.
(pdftex.def)             Requested size: 448.07378pt x 229.42906pt.
 [24 <./images/chassis1.png>] [25 <./images/subsys_block.png>] <images/bump_tes
t_dist.png, id=542, 730.98094pt x 268.75406pt>
File: images/bump_test_dist.png Graphic file (type png)

<use images/bump_test_dist.png>
Package pdftex.def Info: images/bump_test_dist.png used on input line 1134.
(pdftex.def)             Requested size: 336.05533pt x 123.55455pt.
 [26 <./images/bump_test_dist.png>]
<images/ROT_ROI/ccwLapTime_crop.png, id=568, 545.51805pt x 294.50024pt>
File: images/ROT_ROI/ccwLapTime_crop.png Graphic file (type png)

<use images/ROT_ROI/ccwLapTime_crop.png>
Package pdftex.def Info: images/ROT_ROI/ccwLapTime_crop.png used on input line 
1177.
(pdftex.def)             Requested size: 448.07378pt x 241.90068pt.
File: images/ROT_ROI/ccwLapTime_crop.png Graphic file (type png)

<use images/ROT_ROI/ccwLapTime_crop.png>
Package pdftex.def Info: images/ROT_ROI/ccwLapTime_crop.png used on input line 
1182.
(pdftex.def)             Requested size: 448.07378pt x 241.90068pt.
 [27 <./images/ROT_ROI/ccwLapTime_crop.png>] <images/ROT_ROI/ProcessTime_crop.p
ng, id=582, 551.78145pt x 294.50024pt>
File: images/ROT_ROI/ProcessTime_crop.png Graphic file (type png)

<use images/ROT_ROI/ProcessTime_crop.png>
Package pdftex.def Info: images/ROT_ROI/ProcessTime_crop.png used on input line
 1189.
(pdftex.def)             Requested size: 448.07378pt x 239.15952pt.
 [28 <./images/ROT_ROI/ProcessTime_crop.png>]
Overfull \hbox (2.32751pt too wide) in paragraph at lines 1235--1235
[][][][]\OT1/cmr/m/n/12 THIS 
 []


Overfull \hbox (6.24416pt too wide) in paragraph at lines 1235--1235
\OT1/cmr/m/n/12 PART 
 []


Overfull \hbox (28.26894pt too wide) in paragraph at lines 1235--1235
\OT1/cmr/m/n/12 REWRIT- 
 []


Overfull \hbox (10.81772pt too wide) in paragraph at lines 1235--1235
\OT1/cmr/m/n/12 PORT.  
 []


Overfull \hbox (2.32751pt too wide) in paragraph at lines 1235--1235
[][][][]\OT1/cmr/m/n/12 THIS 
 []


Overfull \hbox (6.24416pt too wide) in paragraph at lines 1235--1235
\OT1/cmr/m/n/12 PART 
 []


Overfull \hbox (28.26894pt too wide) in paragraph at lines 1235--1235
\OT1/cmr/m/n/12 REWRIT- 
 []


Overfull \hbox (10.81772pt too wide) in paragraph at lines 1235--1235
\OT1/cmr/m/n/12 PORT.  
 []


Overfull \hbox (2.32751pt too wide) in paragraph at lines 1235--1235
[][][][]\OT1/cmr/m/n/12 THIS 
 []


Overfull \hbox (6.24416pt too wide) in paragraph at lines 1235--1235
\OT1/cmr/m/n/12 PART 
 []


Overfull \hbox (28.26894pt too wide) in paragraph at lines 1235--1235
\OT1/cmr/m/n/12 REWRIT- 
 []


Overfull \hbox (10.81772pt too wide) in paragraph at lines 1235--1235
\OT1/cmr/m/n/12 PORT.  
 []


Overfull \hbox (2.32751pt too wide) in paragraph at lines 1235--1235
[][][][]\OT1/cmr/m/n/12 THIS 
 []


Overfull \hbox (6.24416pt too wide) in paragraph at lines 1235--1235
\OT1/cmr/m/n/12 PART 
 []


Overfull \hbox (28.26894pt too wide) in paragraph at lines 1235--1235
\OT1/cmr/m/n/12 REWRIT- 
 []


Overfull \hbox (10.81772pt too wide) in paragraph at lines 1235--1235
\OT1/cmr/m/n/12 PORT.  
 []

[29] [30] [31]
<images/ROT_ROI/baseSpeedExp_crop.png, id=665, 572.8602pt x 294.6207pt>
File: images/ROT_ROI/baseSpeedExp_crop.png Graphic file (type png)

<use images/ROT_ROI/baseSpeedExp_crop.png>
Package pdftex.def Info: images/ROT_ROI/baseSpeedExp_crop.png used on input lin
e 1410.
(pdftex.def)             Requested size: 448.07378pt x 230.44608pt.
 [32 <./images/ROT_ROI/baseSpeedExp_crop.png>]
Overfull \hbox (2.32751pt too wide) in paragraph at lines 1543--1543
[][][][]\OT1/cmr/m/n/12 THIS 
 []


Overfull \hbox (6.24416pt too wide) in paragraph at lines 1543--1543
\OT1/cmr/m/n/12 PART 
 []


Overfull \hbox (3.1414pt too wide) in paragraph at lines 1543--1543
\OT1/cmr/m/n/12 NEW 
 []


Overfull \hbox (10.81772pt too wide) in paragraph at lines 1543--1543
\OT1/cmr/m/n/12 PORT.  
 []


Overfull \hbox (2.32751pt too wide) in paragraph at lines 1543--1543
[][][][]\OT1/cmr/m/n/12 THIS 
 []


Overfull \hbox (6.24416pt too wide) in paragraph at lines 1543--1543
\OT1/cmr/m/n/12 PART 
 []


Overfull \hbox (3.1414pt too wide) in paragraph at lines 1543--1543
\OT1/cmr/m/n/12 NEW 
 []


Overfull \hbox (10.81772pt too wide) in paragraph at lines 1543--1543
\OT1/cmr/m/n/12 PORT.  
 []


Overfull \hbox (2.32751pt too wide) in paragraph at lines 1543--1543
[][][][]\OT1/cmr/m/n/12 THIS 
 []


Overfull \hbox (6.24416pt too wide) in paragraph at lines 1543--1543
\OT1/cmr/m/n/12 PART 
 []


Overfull \hbox (3.1414pt too wide) in paragraph at lines 1543--1543
\OT1/cmr/m/n/12 NEW 
 []


Overfull \hbox (10.81772pt too wide) in paragraph at lines 1543--1543
\OT1/cmr/m/n/12 PORT.  
 []


Overfull \hbox (2.32751pt too wide) in paragraph at lines 1543--1543
[][][][]\OT1/cmr/m/n/12 THIS 
 []


Overfull \hbox (6.24416pt too wide) in paragraph at lines 1543--1543
\OT1/cmr/m/n/12 PART 
 []


Overfull \hbox (3.1414pt too wide) in paragraph at lines 1543--1543
\OT1/cmr/m/n/12 NEW 
 []


Overfull \hbox (10.81772pt too wide) in paragraph at lines 1543--1543
\OT1/cmr/m/n/12 PORT.  
 []

[33]
Overfull \hbox (2.32751pt too wide) in paragraph at lines 1546--1546
[][][][]\OT1/cmr/m/n/12 THIS 
 []


Overfull \hbox (6.24416pt too wide) in paragraph at lines 1546--1546
\OT1/cmr/m/n/12 PART 
 []


Overfull \hbox (3.1414pt too wide) in paragraph at lines 1546--1546
\OT1/cmr/m/n/12 NEW 
 []


Overfull \hbox (10.81772pt too wide) in paragraph at lines 1546--1546
\OT1/cmr/m/n/12 PORT.  
 []


Overfull \hbox (2.32751pt too wide) in paragraph at lines 1546--1546
[][][][]\OT1/cmr/m/n/12 THIS 
 []


Overfull \hbox (6.24416pt too wide) in paragraph at lines 1546--1546
\OT1/cmr/m/n/12 PART 
 []


Overfull \hbox (3.1414pt too wide) in paragraph at lines 1546--1546
\OT1/cmr/m/n/12 NEW 
 []


Overfull \hbox (10.81772pt too wide) in paragraph at lines 1546--1546
\OT1/cmr/m/n/12 PORT.  
 []


Overfull \hbox (2.32751pt too wide) in paragraph at lines 1546--1546
[][][][]\OT1/cmr/m/n/12 THIS 
 []


Overfull \hbox (6.24416pt too wide) in paragraph at lines 1546--1546
\OT1/cmr/m/n/12 PART 
 []


Overfull \hbox (3.1414pt too wide) in paragraph at lines 1546--1546
\OT1/cmr/m/n/12 NEW 
 []


Overfull \hbox (10.81772pt too wide) in paragraph at lines 1546--1546
\OT1/cmr/m/n/12 PORT.  
 []


Overfull \hbox (2.32751pt too wide) in paragraph at lines 1546--1546
[][][][]\OT1/cmr/m/n/12 THIS 
 []


Overfull \hbox (6.24416pt too wide) in paragraph at lines 1546--1546
\OT1/cmr/m/n/12 PART 
 []


Overfull \hbox (3.1414pt too wide) in paragraph at lines 1546--1546
\OT1/cmr/m/n/12 NEW 
 []


Overfull \hbox (10.81772pt too wide) in paragraph at lines 1546--1546
\OT1/cmr/m/n/12 PORT.  
 []


LaTeX Warning: Marginpar on page 34 moved.


Overfull \hbox (3.0539pt too wide) in paragraph at lines 1548--1548
\OT1/cmr/m/n/12 hesap 
 []


Overfull \hbox (1.68307pt too wide) in paragraph at lines 1548--1548
\OT1/cmr/m/n/12 tiyor.  
 []


Overfull \hbox (3.0539pt too wide) in paragraph at lines 1548--1548
\OT1/cmr/m/n/12 hesap 
 []


Overfull \hbox (1.68307pt too wide) in paragraph at lines 1548--1548
\OT1/cmr/m/n/12 tiyor.  
 []


Overfull \hbox (3.0539pt too wide) in paragraph at lines 1548--1548
\OT1/cmr/m/n/12 hesap 
 []


Overfull \hbox (1.68307pt too wide) in paragraph at lines 1548--1548
\OT1/cmr/m/n/12 tiyor.  
 []


Overfull \hbox (3.0539pt too wide) in paragraph at lines 1548--1548
\OT1/cmr/m/n/12 hesap 
 []


Overfull \hbox (1.68307pt too wide) in paragraph at lines 1548--1548
\OT1/cmr/m/n/12 tiyor.  
 []


LaTeX Warning: Marginpar on page 34 moved.


Overfull \hbox (2.98862pt too wide) in paragraph at lines 1576--1576
\OT1/cmr/m/n/12 recre- 
 []


Overfull \hbox (5.0122pt too wide) in paragraph at lines 1576--1576
\OT1/cmr/m/n/12 please 
 []


Overfull \hbox (7.94968pt too wide) in paragraph at lines 1576--1576
\OT1/cmr/m/n/12 spend- 
 []


Overfull \hbox (2.98862pt too wide) in paragraph at lines 1576--1576
\OT1/cmr/m/n/12 recre- 
 []


Overfull \hbox (5.0122pt too wide) in paragraph at lines 1576--1576
\OT1/cmr/m/n/12 please 
 []


Overfull \hbox (7.94968pt too wide) in paragraph at lines 1576--1576
\OT1/cmr/m/n/12 spend- 
 []


Overfull \hbox (2.98862pt too wide) in paragraph at lines 1576--1576
\OT1/cmr/m/n/12 recre- 
 []


Overfull \hbox (5.0122pt too wide) in paragraph at lines 1576--1576
\OT1/cmr/m/n/12 please 
 []


Overfull \hbox (7.94968pt too wide) in paragraph at lines 1576--1576
\OT1/cmr/m/n/12 spend- 
 []


Overfull \hbox (2.98862pt too wide) in paragraph at lines 1576--1576
\OT1/cmr/m/n/12 recre- 
 []


Overfull \hbox (5.0122pt too wide) in paragraph at lines 1576--1576
\OT1/cmr/m/n/12 please 
 []


Overfull \hbox (7.94968pt too wide) in paragraph at lines 1576--1576
\OT1/cmr/m/n/12 spend- 
 []

[34]
<images/ROT_ROI/voltageSupply_crop.png, id=723, 583.33936pt x 294.74115pt>
File: images/ROT_ROI/voltageSupply_crop.png Graphic file (type png)

<use images/ROT_ROI/voltageSupply_crop.png>
Package pdftex.def Info: images/ROT_ROI/voltageSupply_crop.png used on input li
ne 1603.
(pdftex.def)             Requested size: 448.07378pt x 226.4027pt.

<images/elec_arch.png, id=724, 300.3722pt x 372.64218pt>
File: images/elec_arch.png Graphic file (type png)

<use images/elec_arch.png>
Package pdftex.def Info: images/elec_arch.png used on input line 1608.
(pdftex.def)             Requested size: 224.03688pt x 277.95139pt.
 [35 <./images/ROT_ROI/voltageSupply_crop.png>]
Overfull \hbox (2.32751pt too wide) in paragraph at lines 1628--1628
[][][][]\OT1/cmr/m/n/12 THIS 
 []


Overfull \hbox (6.24416pt too wide) in paragraph at lines 1628--1628
\OT1/cmr/m/n/12 PART 
 []


Overfull \hbox (3.1414pt too wide) in paragraph at lines 1628--1628
\OT1/cmr/m/n/12 NEW 
 []


Overfull \hbox (10.81772pt too wide) in paragraph at lines 1628--1628
\OT1/cmr/m/n/12 PORT.  
 []


Overfull \hbox (2.32751pt too wide) in paragraph at lines 1628--1628
[][][][]\OT1/cmr/m/n/12 THIS 
 []


Overfull \hbox (6.24416pt too wide) in paragraph at lines 1628--1628
\OT1/cmr/m/n/12 PART 
 []


Overfull \hbox (3.1414pt too wide) in paragraph at lines 1628--1628
\OT1/cmr/m/n/12 NEW 
 []


Overfull \hbox (10.81772pt too wide) in paragraph at lines 1628--1628
\OT1/cmr/m/n/12 PORT.  
 []


Overfull \hbox (2.32751pt too wide) in paragraph at lines 1628--1628
[][][][]\OT1/cmr/m/n/12 THIS 
 []


Overfull \hbox (6.24416pt too wide) in paragraph at lines 1628--1628
\OT1/cmr/m/n/12 PART 
 []


Overfull \hbox (3.1414pt too wide) in paragraph at lines 1628--1628
\OT1/cmr/m/n/12 NEW 
 []


Overfull \hbox (10.81772pt too wide) in paragraph at lines 1628--1628
\OT1/cmr/m/n/12 PORT.  
 []


Overfull \hbox (2.32751pt too wide) in paragraph at lines 1628--1628
[][][][]\OT1/cmr/m/n/12 THIS 
 []


Overfull \hbox (6.24416pt too wide) in paragraph at lines 1628--1628
\OT1/cmr/m/n/12 PART 
 []


Overfull \hbox (3.1414pt too wide) in paragraph at lines 1628--1628
\OT1/cmr/m/n/12 NEW 
 []


Overfull \hbox (10.81772pt too wide) in paragraph at lines 1628--1628
\OT1/cmr/m/n/12 PORT.  
 []


Overfull \hbox (2.32751pt too wide) in paragraph at lines 1632--1632
[][][][]\OT1/cmr/m/n/12 THIS 
 []


Overfull \hbox (6.24416pt too wide) in paragraph at lines 1632--1632
\OT1/cmr/m/n/12 PART 
 []


Overfull \hbox (3.1414pt too wide) in paragraph at lines 1632--1632
\OT1/cmr/m/n/12 NEW 
 []


Overfull \hbox (10.81772pt too wide) in paragraph at lines 1632--1632
\OT1/cmr/m/n/12 PORT.  
 []


Overfull \hbox (2.32751pt too wide) in paragraph at lines 1632--1632
[][][][]\OT1/cmr/m/n/12 THIS 
 []


Overfull \hbox (6.24416pt too wide) in paragraph at lines 1632--1632
\OT1/cmr/m/n/12 PART 
 []


Overfull \hbox (3.1414pt too wide) in paragraph at lines 1632--1632
\OT1/cmr/m/n/12 NEW 
 []


Overfull \hbox (10.81772pt too wide) in paragraph at lines 1632--1632
\OT1/cmr/m/n/12 PORT.  
 []


Overfull \hbox (2.32751pt too wide) in paragraph at lines 1632--1632
[][][][]\OT1/cmr/m/n/12 THIS 
 []


Overfull \hbox (6.24416pt too wide) in paragraph at lines 1632--1632
\OT1/cmr/m/n/12 PART 
 []


Overfull \hbox (3.1414pt too wide) in paragraph at lines 1632--1632
\OT1/cmr/m/n/12 NEW 
 []


Overfull \hbox (10.81772pt too wide) in paragraph at lines 1632--1632
\OT1/cmr/m/n/12 PORT.  
 []


Overfull \hbox (2.32751pt too wide) in paragraph at lines 1632--1632
[][][][]\OT1/cmr/m/n/12 THIS 
 []


Overfull \hbox (6.24416pt too wide) in paragraph at lines 1632--1632
\OT1/cmr/m/n/12 PART 
 []


Overfull \hbox (3.1414pt too wide) in paragraph at lines 1632--1632
\OT1/cmr/m/n/12 NEW 
 []


Overfull \hbox (10.81772pt too wide) in paragraph at lines 1632--1632
\OT1/cmr/m/n/12 PORT.  
 []

[36 <./images/elec_arch.png>]
Overfull \hbox (2.32751pt too wide) in paragraph at lines 1640--1640
[][][][]\OT1/cmr/m/n/12 THIS 
 []


Overfull \hbox (6.24416pt too wide) in paragraph at lines 1640--1640
\OT1/cmr/m/n/12 PART 
 []


Overfull \hbox (3.1414pt too wide) in paragraph at lines 1640--1640
\OT1/cmr/m/n/12 NEW 
 []


Overfull \hbox (10.81772pt too wide) in paragraph at lines 1640--1640
\OT1/cmr/m/n/12 PORT.  
 []


Overfull \hbox (2.32751pt too wide) in paragraph at lines 1640--1640
[][][][]\OT1/cmr/m/n/12 THIS 
 []


Overfull \hbox (6.24416pt too wide) in paragraph at lines 1640--1640
\OT1/cmr/m/n/12 PART 
 []


Overfull \hbox (3.1414pt too wide) in paragraph at lines 1640--1640
\OT1/cmr/m/n/12 NEW 
 []


Overfull \hbox (10.81772pt too wide) in paragraph at lines 1640--1640
\OT1/cmr/m/n/12 PORT.  
 []


Overfull \hbox (2.32751pt too wide) in paragraph at lines 1640--1640
[][][][]\OT1/cmr/m/n/12 THIS 
 []


Overfull \hbox (6.24416pt too wide) in paragraph at lines 1640--1640
\OT1/cmr/m/n/12 PART 
 []


Overfull \hbox (3.1414pt too wide) in paragraph at lines 1640--1640
\OT1/cmr/m/n/12 NEW 
 []


Overfull \hbox (10.81772pt too wide) in paragraph at lines 1640--1640
\OT1/cmr/m/n/12 PORT.  
 []


Overfull \hbox (2.32751pt too wide) in paragraph at lines 1640--1640
[][][][]\OT1/cmr/m/n/12 THIS 
 []


Overfull \hbox (6.24416pt too wide) in paragraph at lines 1640--1640
\OT1/cmr/m/n/12 PART 
 []


Overfull \hbox (3.1414pt too wide) in paragraph at lines 1640--1640
\OT1/cmr/m/n/12 NEW 
 []


Overfull \hbox (10.81772pt too wide) in paragraph at lines 1640--1640
\OT1/cmr/m/n/12 PORT.  
 []

[37]

pdfTeX warning: pdflatex.exe (file ./USER_MANUAL.pdf): PDF inclusion: found PDF
 version <1.7>, but at most version <1.5> allowed
<USER_MANUAL.pdf, id=745, 614.295pt x 794.97pt>
File: USER_MANUAL.pdf Graphic file (type pdf)
 <use USER_MANUAL.pdf>
Package pdftex.def Info: USER_MANUAL.pdf used on input line 1663.
(pdftex.def)             Requested size: 614.29349pt x 794.96806pt.


pdfTeX warning: pdflatex.exe (file ./USER_MANUAL.pdf): PDF inclusion: found PDF
 version <1.7>, but at most version <1.5> allowed
File: USER_MANUAL.pdf Graphic file (type pdf)
<use USER_MANUAL.pdf>
Package pdftex.def Info: USER_MANUAL.pdf used on input line 1663.
(pdftex.def)             Requested size: 614.29349pt x 794.96806pt.


pdfTeX warning: pdflatex.exe (file ./USER_MANUAL.pdf): PDF inclusion: found PDF
 version <1.7>, but at most version <1.5> allowed


pdfTeX warning: pdflatex.exe (file ./USER_MANUAL.pdf): PDF inclusion: found PDF
 version <1.7>, but at most version <1.5> allowed
<USER_MANUAL.pdf, id=748, page=1, 614.295pt x 794.97pt>
File: USER_MANUAL.pdf Graphic file (type pdf)

<use USER_MANUAL.pdf, page 1>
Package pdftex.def Info: USER_MANUAL.pdf, page1 used on input line 1663.
(pdftex.def)             Requested size: 614.29349pt x 794.96806pt.
File: USER_MANUAL.pdf Graphic file (type pdf)
 <use USER_MANUAL.pdf, page 1>
Package pdftex.def Info: USER_MANUAL.pdf, page1 used on input line 1663.
(pdftex.def)             Requested size: 537.50679pt x 695.59705pt.
File: USER_MANUAL.pdf Graphic file (type pdf)

<use USER_MANUAL.pdf, page 1>
Package pdftex.def Info: USER_MANUAL.pdf, page1 used on input line 1663.
(pdftex.def)             Requested size: 537.50679pt x 695.59705pt.
File: USER_MANUAL.pdf Graphic file (type pdf)
 <use USER_MANUAL.pdf, page 1>
Package pdftex.def Info: USER_MANUAL.pdf, page1 used on input line 1663.
(pdftex.def)             Requested size: 537.50679pt x 695.59705pt.
File: USER_MANUAL.pdf Graphic file (type pdf)

<use USER_MANUAL.pdf, page 1>
Package pdftex.def Info: USER_MANUAL.pdf, page1 used on input line 1663.
(pdftex.def)             Requested size: 537.50679pt x 695.59705pt.
 [38 <./USER_MANUAL.pdf>]
File: USER_MANUAL.pdf Graphic file (type pdf)
 <use USER_MANUAL.pdf>
Package pdftex.def Info: USER_MANUAL.pdf used on input line 1665.
(pdftex.def)             Requested size: 614.29349pt x 794.96806pt.


pdfTeX warning: pdflatex.exe (file ./USER_MANUAL.pdf): PDF inclusion: found PDF
 version <1.7>, but at most version <1.5> allowed
File: USER_MANUAL.pdf Graphic file (type pdf)
<use USER_MANUAL.pdf>
Package pdftex.def Info: USER_MANUAL.pdf used on input line 1665.
(pdftex.def)             Requested size: 614.29349pt x 794.96806pt.


pdfTeX warning: pdflatex.exe (file ./USER_MANUAL.pdf): PDF inclusion: found PDF
 version <1.7>, but at most version <1.5> allowed


pdfTeX warning: pdflatex.exe (file ./USER_MANUAL.pdf): PDF inclusion: found PDF
 version <1.7>, but at most version <1.5> allowed
<USER_MANUAL.pdf, id=774, page=2, 614.295pt x 794.97pt>
File: USER_MANUAL.pdf Graphic file (type pdf)

<use USER_MANUAL.pdf, page 2>
Package pdftex.def Info: USER_MANUAL.pdf, page2 used on input line 1665.
(pdftex.def)             Requested size: 614.29349pt x 794.96806pt.
File: USER_MANUAL.pdf Graphic file (type pdf)
 <use USER_MANUAL.pdf, page 2>
Package pdftex.def Info: USER_MANUAL.pdf, page2 used on input line 1665.
(pdftex.def)             Requested size: 537.50679pt x 695.59705pt.
File: USER_MANUAL.pdf Graphic file (type pdf)

<use USER_MANUAL.pdf, page 2>
Package pdftex.def Info: USER_MANUAL.pdf, page2 used on input line 1665.
(pdftex.def)             Requested size: 537.50679pt x 695.59705pt.
File: USER_MANUAL.pdf Graphic file (type pdf)
 <use USER_MANUAL.pdf, page 2>
Package pdftex.def Info: USER_MANUAL.pdf, page2 used on input line 1665.
(pdftex.def)             Requested size: 537.50679pt x 695.59705pt.
File: USER_MANUAL.pdf Graphic file (type pdf)

<use USER_MANUAL.pdf, page 2>
Package pdftex.def Info: USER_MANUAL.pdf, page2 used on input line 1665.
(pdftex.def)             Requested size: 537.50679pt x 695.59705pt.
 [39 <./USER_MANUAL.pdf>]
Package atveryend Info: Empty hook `BeforeClearDocument' on input line 1682.
Package atveryend Info: Empty hook `AfterLastShipout' on input line 1682.
 (Duayenler_Final.aux)
Package atveryend Info: Executing hook `AtVeryEndDocument' on input line 1682.
Package atveryend Info: Executing hook `AtEndAfterFileList' on input line 1682.

Package rerunfilecheck Info: File `Duayenler_Final.out' has not changed.
(rerunfilecheck)             Checksum: 5695C0E7AD1F21DD65E304F70A9869FA;3109.


LaTeX Warning: There were undefined references.


LaTeX Warning: There were multiply-defined labels.

Package atveryend Info: Empty hook `AtVeryVeryEnd' on input line 1682.
 ) 
Here is how much of TeX's memory you used:
 35465 strings out of 493333
 779955 string characters out of 3136576
 1149010 words of memory out of 3000000
 37965 multiletter control sequences out of 15000+200000
 13082 words of font info for 48 fonts, out of 3000000 for 9000
 1141 hyphenation exceptions out of 8191
 62i,21n,99p,1207b,1638s stack positions out of 5000i,500n,10000p,200000b,50000s
pdfTeX warning (dest): name{table.caption.44} has been referenced but does no
t exist, replaced by a fixed one

pdfTeX warning (dest): name{figure.caption.40} has been referenced but does not
 exist, replaced by a fixed one

{C:/Program Files (x86)/MiKTeX 2.9/fonts/enc/dvips/base/8r.enc}<C:/Program File
s (x86)/MiKTeX 2.9/fonts/type1/public/amsfonts/cm/cmbx12.pfb><C:/Program Files 
(x86)/MiKTeX 2.9/fonts/type1/public/amsfonts/cm/cmcsc10.pfb><C:/Program Files (
x86)/MiKTeX 2.9/fonts/type1/public/amsfonts/cm/cmex10.pfb><C:/Program Files (x8
6)/MiKTeX 2.9/fonts/type1/public/amsfonts/cm/cmmi12.pfb><C:/Program Files (x86)
/MiKTeX 2.9/fonts/type1/public/amsfonts/cm/cmmi6.pfb><C:/Program Files (x86)/Mi
KTeX 2.9/fonts/type1/public/amsfonts/cm/cmmi8.pfb><C:/Program Files (x86)/MiKTe
X 2.9/fonts/type1/public/amsfonts/cm/cmr10.pfb><C:/Program Files (x86)/MiKTeX 2
.9/fonts/type1/public/amsfonts/cm/cmr12.pfb><C:/Program Files (x86)/MiKTeX 2.9/
fonts/type1/public/amsfonts/cm/cmr6.pfb><C:/Program Files (x86)/MiKTeX 2.9/font
s/type1/public/amsfonts/cm/cmr8.pfb><C:/Program Files (x86)/MiKTeX 2.9/fonts/ty
pe1/public/amsfonts/cm/cmsy10.pfb><C:/Program Files (x86)/MiKTeX 2.9/fonts/type
1/public/amsfonts/cm/cmsy6.pfb><C:/Program Files (x86)/MiKTeX 2.9/fonts/type1/p
ublic/amsfonts/cm/cmsy8.pfb><C:/Program Files (x86)/MiKTeX 2.9/fonts/type1/publ
ic/amsfonts/cm/cmti12.pfb><C:/Program Files (x86)/MiKTeX 2.9/fonts/type1/urw/co
urier/ucrr8a.pfb>
Output written on Duayenler_Final.pdf (40 pages, 2889867 bytes).
PDF statistics:
 917 PDF objects out of 1000 (max. 8388607)
 380 named destinations out of 1000 (max. 500000)
 494 words of extra memory for PDF output out of 10000 (max. 10000000)

